17-Apr-2017 06:13:24 PM INFO  9999 Unknown User  Application loading...
17-Apr-2017 06:13:27 PM INFO  9999 Unknown User  Application loading...
17-Apr-2017 06:26:28 PM INFO  9999 Unknown User  Application loading...
17-Apr-2017 06:26:31 PM INFO  9999 Unknown User  Application loading...
17-Apr-2017 06:27:01 PM INFO  9999 Unknown User  Application loading...
17-Apr-2017 06:27:04 PM INFO  9999 Unknown User  Application loading...
17-Apr-2017 06:27:10 PM INFO  9999 Unknown User  User exited from the application...
17-Apr-2017 06:27:16 PM INFO  9999 Unknown User  Application loading...
17-Apr-2017 06:27:19 PM INFO  9999 Unknown User  Application loading...
19-May-2017 01:45:13 PM INFO  9999 Unknown User  Application loading...
19-May-2017 01:46:04 PM INFO  9999 Unknown User  Application loading...
19-May-2017 01:46:08 PM INFO  9999 Unknown User  Application loading...
19-May-2017 01:46:45 PM INFO  9999 Unknown User  Application loading...
19-May-2017 01:46:48 PM INFO  9999 Unknown User  Application loading...
19-May-2017 01:48:35 PM INFO  9999 Unknown User  Application loading...
19-May-2017 01:51:31 PM INFO  9999 Unknown User  Application loading...
19-May-2017 01:51:34 PM INFO  9999 Unknown User  Application loading...
19-May-2017 01:52:37 PM INFO  9999 Unknown User  Application loading...
19-May-2017 01:52:40 PM INFO  9999 Unknown User  Application loading...
19-May-2017 01:53:01 PM INFO Deposit 1 Admin1  User opened the Deposit form.
19-May-2017 01:53:44 PM INFO Daily Savings Redistribution 1 Admin1  User opened  Daily Savings Redistribution form.
19-May-2017 01:54:26 PM INFO  1 Admin1  User opened company Daily Savings Redistribution.
19-May-2017 01:54:30 PM INFO withdrawal2 1 Admin1  User opened the withdrawal2 form.
19-May-2017 01:54:41 PM INFO Withdrawal 1 Admin1  User opened the Withdrawal form.
19-May-2017 01:54:45 PM INFO withdrawal2 1 Admin1  User opened the withdrawal2 form.
19-May-2017 01:55:43 PM INFO CommissionDeduction 1 Admin1  User opened the CommissionDeduction form.
02-Aug-2017 01:54:39 PM INFO  9999 Unknown User  Application loading...
02-Aug-2017 01:54:42 PM INFO  9999 Unknown User  Application loading...
02-Aug-2017 01:55:25 PM INFO  9999 Unknown User  Application loading...
02-Aug-2017 01:55:28 PM INFO  9999 Unknown User  Application loading...
02-Aug-2017 02:06:34 PM INFO  9999 Unknown User  Application loading...
02-Aug-2017 02:06:37 PM INFO  9999 Unknown User  Application loading...
02-Aug-2017 02:06:52 PM INFO  1 Admin1  Permission to run SQL granted... SQL form opened...
02-Aug-2017 02:08:29 PM ERROR  1 Admin1 3055 Update Error: Not a valid file name.
02-Aug-2017 02:08:51 PM INFO  1 Admin1  Permission to run SQL granted... SQL form opened...
02-Aug-2017 02:08:53 PM ERROR  1 Admin1 3055 Update Error: Not a valid file name.
02-Aug-2017 02:09:08 PM ERROR  1 Admin1 3055 Update Error: Not a valid file name.
02-Aug-2017 02:10:27 PM INFO  1 Admin1  Update Started.
02-Aug-2017 02:10:27 PM INFO  1 Admin1  Main RibbonXML updated.
02-Aug-2017 02:10:27 PM INFO  1 Admin1  Update Ended.
02-Aug-2017 02:10:56 PM INFO  1 Admin1  Update Started.
02-Aug-2017 02:10:56 PM INFO  1 Admin1  Main RibbonXML updated.
02-Aug-2017 02:10:56 PM INFO  1 Admin1  Update Ended.
02-Aug-2017 02:22:43 PM INFO CommissionDeduction 1 Admin1  User opened the CommissionDeduction form.
08-Sep-2017 05:28:29 AM INFO  9999 Unknown User  Application loading...
08-Sep-2017 05:28:33 AM INFO  9999 Unknown User  Application loading...
08-Sep-2017 05:30:50 AM INFO Loanfrm 1 Admin1  User opened the Loanfrm form.
08-Sep-2017 05:30:57 AM INFO Registration List 1 Admin1  User opened  Registration List form.
08-Sep-2017 05:31:30 AM INFO  1 Admin1  User opened the  registration list.
08-Sep-2017 05:31:48 AM INFO FrmAccountControl 1 Admin1  User opened the FrmAccountControl form.
08-Sep-2017 05:34:35 AM INFO Loanfrm 1 Admin1  User opened the Loanfrm form.
08-Sep-2017 05:36:43 AM INFO Approve Loans 1 Admin1  User opened  Approve Loans form.
08-Sep-2017 05:36:43 AM INFO  1 Admin1  User opened the loan situation form to see requested loans.
08-Sep-2017 05:37:17 AM INFO New Registration 1 Admin1  User opened  New Registration form.
08-Sep-2017 05:37:17 AM INFO  1 Admin1  User opened the registration form to register a new client.
08-Sep-2017 05:37:22 AM INFO Registration List 1 Admin1  User opened  Registration List form.
08-Sep-2017 05:37:57 AM INFO  1 Admin1  User opened the  registration list.
08-Sep-2017 05:38:09 AM INFO Approve Loans 1 Admin1  User opened  Approve Loans form.
08-Sep-2017 05:38:09 AM INFO  1 Admin1  User opened the loan situation form to see requested loans.
08-Sep-2017 05:39:14 AM INFO FrmLoanRepayment 1 Admin1  User opened the FrmLoanRepayment form.
08-Sep-2017 05:58:54 AM INFO Vault 1 Admin1  User opened the Vault form.
08-Sep-2017 05:59:17 AM INFO Finances 1 Admin1  User opened the Finances form.
08-Sep-2017 05:59:51 AM INFO DepWithdrawal 1 Admin1  User opened the DepWithdrawal form.
08-Sep-2017 06:00:38 AM INFO  9999 Unknown User  Application loading...
08-Sep-2017 06:00:41 AM INFO  9999 Unknown User  Application loading...
08-Sep-2017 06:01:14 AM INFO DepWithdrawal 1 Admin1  User opened the DepWithdrawal form.
08-Sep-2017 06:10:27 AM INFO  1 Admin1  Permission to run SQL granted... SQL form opened...
08-Sep-2017 06:10:31 AM INFO  1 Admin1  Update Started.
08-Sep-2017 06:10:31 AM INFO  1 Admin1  Main RibbonXML updated.
08-Sep-2017 06:10:31 AM INFO  1 Admin1  Update Ended.
08-Sep-2017 06:10:53 AM INFO  9999 Unknown User  Application loading...
08-Sep-2017 06:10:55 AM INFO  9999 Unknown User  Application loading...
08-Sep-2017 06:12:45 AM INFO CommissionDeduction 1 Admin1  User opened the CommissionDeduction form.
08-Sep-2017 06:15:11 AM INFO CommissionDeduction 1 Admin1  User opened the CommissionDeduction form.
08-Sep-2017 06:15:20 AM INFO CommissionDeduction 1 Admin1  User opened the CommissionDeduction form.
08-Sep-2017 06:15:41 AM INFO CommissionDeduction 1 Admin1  User opened the CommissionDeduction form.
08-Sep-2017 06:15:52 AM INFO SystemSetting 1 Admin1  User opened the SystemSetting form.
08-Sep-2017 06:16:17 AM INFO Company Information 1 Admin1  User opened  Company Information form.
08-Sep-2017 06:16:40 AM INFO  1 Admin1  User opened company information form.
08-Sep-2017 06:37:27 AM INFO LoanReports 1 Admin1  User opened the LoanReports form.
08-Sep-2017 06:44:37 AM INFO LoanReports 1 Admin1  User opened the LoanReports form.
08-Sep-2017 06:44:57 AM INFO LoanReports 1 Admin1  User opened the LoanReports form.
08-Sep-2017 06:45:10 AM INFO LoanReports 1 Admin1  User opened the LoanReports form.
08-Sep-2017 06:45:31 AM INFO LoanReports 1 Admin1  User opened the LoanReports form.
08-Sep-2017 06:46:10 AM INFO  9999 Unknown User  Application loading...
08-Sep-2017 06:46:13 AM INFO  9999 Unknown User  Application loading...
08-Sep-2017 06:47:11 AM INFO LoanReports 1 Admin1  User opened the LoanReports form.
08-Sep-2017 06:47:44 AM INFO LoanReports 1 Admin1  User opened the LoanReports form.
08-Sep-2017 06:49:40 AM INFO LoanReports 1 Admin1  User opened the LoanReports form.
08-Sep-2017 06:49:52 AM INFO LoanReports 1 Admin1  User opened the LoanReports form.
08-Sep-2017 08:20:36 PM INFO Product Key 1 Admin1  User opened  Product Key form.
08-Sep-2017 08:20:39 PM INFO  1 Admin1  Could not open the product key form.
08-Sep-2017 08:20:39 PM INFO  1 Admin1  User opened the product key form.
08-Sep-2017 08:20:50 PM INFO Product Key 1 Admin1  User opened  Product Key form.
08-Sep-2017 08:20:58 PM INFO  1 Admin1  Could not open the product key form.
08-Sep-2017 08:20:58 PM INFO  1 Admin1  User opened the product key form.
08-Sep-2017 08:21:02 PM INFO SystemSetting 1 Admin1  User opened the SystemSetting form.
08-Sep-2017 08:21:31 PM INFO frmApprovalLimits 1 Admin1  User opened the frmApprovalLimits form.
08-Sep-2017 08:22:26 PM INFO SystemSetting 1 Admin1  User opened the SystemSetting form.
08-Sep-2017 08:31:37 PM INFO Registration List 1 Admin1  User opened  Registration List form.
08-Sep-2017 08:35:08 PM INFO  1 Admin1  User opened the  registration list.
08-Sep-2017 09:05:41 PM INFO Daily Savings Redistribution 1 Admin1  User opened  Daily Savings Redistribution form.
08-Sep-2017 09:07:40 PM INFO  1 Admin1  User opened company Daily Savings Redistribution.
08-Sep-2017 09:13:45 PM INFO Finances 1 Admin1  User opened the Finances form.
08-Sep-2017 09:15:03 PM INFO RptForm 1 Admin1  User opened the RptForm form.
09-Sep-2017 07:42:09 PM INFO  9999 Unknown User  Application loading...
09-Sep-2017 07:42:44 PM INFO  9999 Unknown User  Application loading...
09-Sep-2017 07:44:10 PM INFO  1 Admin1  Permission to run SQL granted... SQL form opened...
09-Sep-2017 07:44:13 PM INFO  1 Admin1  Update Started.
09-Sep-2017 07:44:13 PM INFO  1 Admin1  Button no 36 - DS Redistribution -Admin Panel Created.
09-Sep-2017 07:44:13 PM INFO  1 Admin1  Button no 37 - Withdrawal form No 2 Created.
09-Sep-2017 07:44:13 PM INFO  1 Admin1  Button no 38 - Simplified Registration List Created.
09-Sep-2017 07:44:13 PM INFO  1 Admin1  Main RibbonXML updated.
09-Sep-2017 07:44:13 PM INFO  1 Admin1  Update Ended.
09-Sep-2017 07:59:45 PM INFO Deposit 1 Admin1  User opened the Deposit form.
09-Sep-2017 08:00:10 PM INFO Registration List 1 Admin1  User opened  Registration List form.
09-Sep-2017 08:00:28 PM INFO  1 Admin1  User opened the  registration list.
09-Sep-2017 08:01:00 PM INFO Registration List 1 Admin1  User opened  Registration List form.
09-Sep-2017 08:01:03 PM INFO  1 Admin1  User opened the  registration list.
09-Sep-2017 08:18:06 PM INFO Registration List 1 Admin1  User opened  Registration List form.
09-Sep-2017 08:18:08 PM INFO  1 Admin1  User opened the  registration list.
09-Sep-2017 09:06:46 PM INFO Registration List 1 Admin1  User opened  Registration List form.
09-Sep-2017 09:06:49 PM INFO  1 Admin1  User opened the  registration list.
09-Sep-2017 09:17:08 PM INFO Registration List 1 Admin1  User opened  Registration List form.
09-Sep-2017 09:17:08 PM INFO  1 Admin1  User opened the  registration list.
09-Sep-2017 09:27:12 PM INFO Deposit 1 Admin1  User opened the Deposit form.
09-Sep-2017 09:30:55 PM INFO Registration List 1 Admin1  User opened  Registration List form.
09-Sep-2017 09:31:02 PM INFO  1 Admin1  User opened the  registration list.
09-Sep-2017 09:31:16 PM INFO Registration List 1 Admin1  User opened  Registration List form.
09-Sep-2017 09:31:21 PM INFO  1 Admin1  User opened the  registration list.
09-Sep-2017 09:31:52 PM INFO Registration List 1 Admin1  User opened  Registration List form.
09-Sep-2017 09:32:07 PM INFO  1 Admin1  User opened the  registration list.
09-Sep-2017 09:32:24 PM INFO Registration List 1 Admin1  User opened  Registration List form.
09-Sep-2017 09:32:27 PM INFO  1 Admin1  User opened the  registration list.
09-Sep-2017 09:32:38 PM INFO Registration List 1 Admin1  User opened  Registration List form.
09-Sep-2017 09:32:41 PM INFO  1 Admin1  User opened the  registration list.
09-Sep-2017 09:32:54 PM INFO Registration List 1 Admin1  User opened  Registration List form.
09-Sep-2017 09:32:59 PM INFO  1 Admin1  User opened the  registration list.
09-Sep-2017 09:34:07 PM INFO Registration List 1 Admin1  User opened  Registration List form.
09-Sep-2017 09:34:09 PM INFO  1 Admin1  User opened the  registration list.
09-Sep-2017 09:34:17 PM INFO Registration List 1 Admin1  User opened  Registration List form.
09-Sep-2017 09:34:23 PM INFO  1 Admin1  User opened the  registration list.
09-Sep-2017 09:36:10 PM INFO Registration List 1 Admin1  User opened  Registration List form.
09-Sep-2017 09:36:12 PM INFO  1 Admin1  User opened the  registration list.
09-Sep-2017 09:36:25 PM INFO Registration List 1 Admin1  User opened  Registration List form.
09-Sep-2017 09:36:42 PM INFO  1 Admin1  User opened the  registration list.
09-Sep-2017 09:40:23 PM INFO Deposit 1 Admin1  User opened the Deposit form.
09-Sep-2017 10:49:03 PM INFO Deposit2 1 Admin1 3192 Could not find output table 'temportal_deposit'.
09-Sep-2017 10:49:06 PM INFO Deposit2 1 Admin1 3192 Could not find output table 'temportal_deposit'.
09-Sep-2017 10:49:58 PM INFO Deposit2 1 Admin1 9 Subscript out of range
09-Sep-2017 10:50:34 PM INFO Deposit2 1 Admin1 9 Subscript out of range
09-Sep-2017 10:51:33 PM INFO Deposit2 1 Admin1 9 Subscript out of range
09-Sep-2017 10:54:11 PM INFO Deposit2 1 Admin1 3192 Could not find output table 'temportal_deposit'.
09-Sep-2017 11:12:01 PM INFO Registration List 1 Admin1  User opened  Registration List form.
09-Sep-2017 11:12:18 PM INFO  1 Admin1  User opened the  registration list.
10-Sep-2017 01:31:54 AM INFO Journal 1 Admin1 3075 Syntax error (missing operator) in query expression 'transcode='.
10-Sep-2017 01:31:55 AM INFO Journal 1 Admin1 3075 Syntax error (missing operator) in query expression 'transcode='.
10-Sep-2017 01:31:55 AM INFO Journal 1 Admin1  User opened the Journal form.
10-Sep-2017 10:18:51 AM INFO Deposit2 1 Admin1 3134 Syntax error in INSERT INTO statement.
10-Sep-2017 11:14:19 AM INFO New Registration 1 Admin1  User opened  New Registration form.
10-Sep-2017 11:14:19 AM INFO  1 Admin1  User opened the registration form to register a new client.
10-Sep-2017 11:16:36 AM INFO Registration List 1 Admin1  User opened  Registration List form.
10-Sep-2017 11:16:48 AM INFO  1 Admin1  User opened the  registration list.
10-Sep-2017 11:26:07 AM INFO Registration List 1 Admin1  User opened  Registration List form.
10-Sep-2017 11:26:34 AM INFO  1 Admin1  User opened the  registration list.
10-Sep-2017 12:07:44 PM INFO frmTrialBalance 1 Admin1  User opened the frmTrialBalance form.
10-Sep-2017 12:07:49 PM INFO frmOperationDate 1 Admin1  User opened the frmOperationDate form.
10-Sep-2017 12:08:17 PM INFO frmOperationDate 1 Admin1  User opened the frmOperationDate form.
10-Sep-2017 12:08:26 PM INFO frmOperationDate 1 Admin1  User opened the frmOperationDate form.
10-Sep-2017 12:46:12 PM INFO Daily Savings Redistribution 1 Admin1  User opened  Daily Savings Redistribution form.
10-Sep-2017 12:49:01 PM INFO  1 Admin1  User opened company Daily Savings Redistribution.
10-Sep-2017 02:16:10 PM INFO Deposit2 1 Admin1  User opened the Deposit2 form.
10-Sep-2017 02:16:46 PM INFO Withdrawal 1 Admin1  User opened the Withdrawal form.
10-Sep-2017 02:20:52 PM INFO Deposit2 1 Admin1  User opened the Deposit2 form.
10-Sep-2017 02:48:13 PM INFO Deposit2 1 Admin1  User opened the Deposit2 form.
10-Sep-2017 02:55:19 PM INFO Deposit2 1 Admin1  User opened the Deposit2 form.
10-Sep-2017 02:59:56 PM INFO Deposit2 1 Admin1  User opened the Deposit2 form.
10-Sep-2017 03:00:03 PM INFO Deposit2 1 Admin1  User opened the Deposit2 form.
10-Sep-2017 03:59:11 PM INFO Deposit2 1 Admin1  User opened the Deposit2 form.
10-Sep-2017 04:02:52 PM INFO Deposit2 1 Admin1 94 Invalid use of Null
10-Sep-2017 04:07:05 PM INFO Withdrawal4 1 Admin1  User opened the Withdrawal4 form.
10-Sep-2017 04:07:35 PM INFO Deposit2 1 Admin1  User opened the Deposit2 form.
10-Sep-2017 04:07:58 PM INFO Withdrawal4 1 Admin1  User opened the Withdrawal4 form.
10-Sep-2017 04:12:31 PM INFO Deposit2 1 Admin1  User opened the Deposit2 form.
10-Sep-2017 04:13:56 PM INFO Deposit2 1 Admin1  User opened the Deposit2 form.
10-Sep-2017 04:15:05 PM INFO Deposit2 1 Admin1  User opened the Deposit2 form.
10-Sep-2017 04:23:17 PM INFO Withdrawal4 1 Admin1  User opened the Withdrawal4 form.
10-Sep-2017 04:26:22 PM INFO Withdrawal4 1 Admin1  User opened the Withdrawal4 form.
10-Sep-2017 04:26:26 PM INFO Deposit2 1 Admin1  User opened the Deposit2 form.
10-Sep-2017 04:32:36 PM INFO Deposit2 1 Admin1  User opened the Deposit2 form.
10-Sep-2017 04:50:41 PM INFO AcctSummary 1 Admin1  User opened the AcctSummary form.
10-Sep-2017 04:50:43 PM INFO RecentTrans 1 Admin1  User opened the RecentTrans form.
10-Sep-2017 04:54:18 PM INFO Withdrawal4 1 Admin1  User opened the Withdrawal4 form.
10-Sep-2017 04:58:46 PM INFO Daily Savings Redistribution 1 Admin1  User opened  Daily Savings Redistribution form.
10-Sep-2017 04:59:12 PM INFO  1 Admin1  User opened company Daily Savings Redistribution.
10-Sep-2017 04:59:32 PM INFO Deposit2 1 Admin1  User opened the Deposit2 form.
10-Sep-2017 05:00:55 PM INFO Daily Savings Redistribution 1 Admin1  User opened  Daily Savings Redistribution form.
10-Sep-2017 05:01:19 PM INFO  1 Admin1  User opened company Daily Savings Redistribution.
10-Sep-2017 05:10:34 PM INFO Daily Savings Redistribution 1 Admin1  User opened  Daily Savings Redistribution form.
10-Sep-2017 05:10:56 PM INFO  1 Admin1  User opened company Daily Savings Redistribution.
10-Sep-2017 05:13:25 PM INFO Daily Savings Redistribution 1 Admin1  User opened  Daily Savings Redistribution form.
10-Sep-2017 05:13:40 PM INFO  1 Admin1  User opened company Daily Savings Redistribution.
10-Sep-2017 05:14:04 PM INFO Daily Savings Redistribution 1 Admin1  User opened  Daily Savings Redistribution form.
10-Sep-2017 05:14:08 PM INFO  1 Admin1  User opened company Daily Savings Redistribution.
10-Sep-2017 05:14:19 PM INFO Daily Savings Redistribution 1 Admin1  User opened  Daily Savings Redistribution form.
10-Sep-2017 05:14:41 PM INFO  1 Admin1  User opened company Daily Savings Redistribution.
10-Sep-2017 05:16:04 PM INFO Daily Savings Redistribution 1 Admin1  User opened  Daily Savings Redistribution form.
10-Sep-2017 05:16:19 PM INFO  1 Admin1  User opened company Daily Savings Redistribution.
10-Sep-2017 05:19:03 PM INFO Daily Savings Redistribution 1 Admin1  User opened  Daily Savings Redistribution form.
10-Sep-2017 05:19:05 PM INFO  1 Admin1  User opened company Daily Savings Redistribution.
10-Sep-2017 06:10:35 PM INFO  1 Admin1 2465 Mihma Micro Bank can't find the field 'trans_id' referred to in your expression.
10-Sep-2017 06:11:05 PM INFO  1 Admin1 94 Invalid use of Null
10-Sep-2017 06:12:20 PM INFO Daily Savings Redistribution 1 Admin1  User opened  Daily Savings Redistribution form.
10-Sep-2017 06:12:22 PM INFO  1 Admin1  User opened company Daily Savings Redistribution.
10-Sep-2017 06:14:12 PM INFO Daily Savings Redistribution 1 Admin1  User opened  Daily Savings Redistribution form.
10-Sep-2017 06:14:17 PM INFO  1 Admin1  User opened company Daily Savings Redistribution.
10-Sep-2017 06:15:25 PM INFO Daily Savings Redistribution 1 Admin1  User opened  Daily Savings Redistribution form.
10-Sep-2017 06:16:31 PM INFO  1 Admin1  User opened company Daily Savings Redistribution.
10-Sep-2017 06:17:32 PM INFO Daily Savings Redistribution 1 Admin1  User opened  Daily Savings Redistribution form.
10-Sep-2017 06:17:35 PM INFO  1 Admin1  User opened company Daily Savings Redistribution.
10-Sep-2017 06:30:47 PM INFO  1 Admin1 94 Invalid use of Null
10-Sep-2017 06:32:38 PM INFO  1 Admin1 94 Invalid use of Null
10-Sep-2017 06:33:03 PM INFO Daily Savings Redistribution 1 Admin1  User opened  Daily Savings Redistribution form.
10-Sep-2017 06:33:03 PM INFO  1 Admin1  User opened company Daily Savings Redistribution.
10-Sep-2017 06:35:46 PM INFO  9999 Unknown User  You do not have sufficient privilege to perform this action.
10-Sep-2017 06:35:50 PM INFO  9999 Unknown User  You do not have sufficient privilege to perform this action.
10-Sep-2017 06:35:57 PM INFO  9999 Unknown User  You do not have sufficient privilege to perform this action.
10-Sep-2017 06:36:00 PM INFO  9999 Unknown User  You do not have sufficient privilege to perform this action.
10-Sep-2017 06:36:19 PM INFO FrmLoanRepayment 1 Admin  User opened the FrmLoanRepayment form.
10-Sep-2017 06:36:43 PM INFO Deposit2 1 Admin  User opened the Deposit2 form.
10-Sep-2017 06:36:47 PM INFO Daily Savings Redistribution 1 Admin  User opened  Daily Savings Redistribution form.
10-Sep-2017 06:36:50 PM INFO  1 Admin  User opened company Daily Savings Redistribution.
10-Sep-2017 06:36:55 PM INFO AcctSummary 1 Admin  User opened the AcctSummary form.
10-Sep-2017 06:37:51 PM INFO Deposit2 1 Admin  User opened the Deposit2 form.
10-Sep-2017 06:37:58 PM INFO Withdrawal4 1 Admin  User opened the Withdrawal4 form.
10-Sep-2017 06:38:28 PM INFO Deposit2 1 Admin  User opened the Deposit2 form.
10-Sep-2017 06:45:35 PM INFO CommissionDeduction 1 Admin  User opened the CommissionDeduction form.
10-Sep-2017 06:48:54 PM INFO  1 Admin  You do not have sufficient privilege to perform this action.
10-Sep-2017 06:48:59 PM INFO  1 Admin  You do not have sufficient privilege to perform this action.
10-Sep-2017 06:49:04 PM INFO Withdrawal4 1 Admin  User opened the Withdrawal4 form.
10-Sep-2017 06:51:42 PM INFO Deposit2 1 Admin  User opened the Deposit2 form.
10-Sep-2017 06:53:21 PM INFO Daily Savings Redistribution 1 Admin  User opened  Daily Savings Redistribution form.
10-Sep-2017 06:54:28 PM INFO  1 Admin 94 Invalid use of Null
10-Sep-2017 06:54:38 PM INFO  1 Admin  User opened company Daily Savings Redistribution.
10-Sep-2017 06:55:30 PM INFO Daily Savings Redistribution 1 Admin  User opened  Daily Savings Redistribution form.
10-Sep-2017 06:55:32 PM INFO  1 Admin  User opened company Daily Savings Redistribution.
10-Sep-2017 06:56:37 PM INFO Loanfrm 1 Admin  User opened the Loanfrm form.
10-Sep-2017 06:57:07 PM INFO frmOperationDate 1 Admin  User opened the frmOperationDate form.
10-Sep-2017 06:59:24 PM INFO Approve Loans 1 Admin  User opened  Approve Loans form.
10-Sep-2017 06:59:24 PM INFO  1 Admin  User opened the loan situation form to see requested loans.
10-Sep-2017 07:00:10 PM INFO Registration List 1 Admin  User opened  Registration List form.
10-Sep-2017 07:00:20 PM INFO  1 Admin  User opened the  registration list.
10-Sep-2017 07:00:33 PM INFO Withdrawal4 1 Admin  User opened the Withdrawal4 form.
10-Sep-2017 07:02:52 PM INFO FrmLoanRepayment 1 Admin  User opened the FrmLoanRepayment form.
10-Sep-2017 07:05:47 PM INFO FrmLoanRepayment 1 Admin  User opened the FrmLoanRepayment form.
10-Sep-2017 07:06:20 PM INFO AcctSummary 1 Admin  User opened the AcctSummary form.
10-Sep-2017 07:10:58 PM INFO Daily Savings Redistribution 1 Admin  User opened  Daily Savings Redistribution form.
10-Sep-2017 07:11:44 PM INFO  1 Admin  User opened company Daily Savings Redistribution.
10-Sep-2017 07:12:31 PM INFO Disburse Loans 1 Admin  User opened  Disburse Loans form.
10-Sep-2017 07:12:31 PM INFO  1 Admin  User opened  the loan situation form to see approved loans.
10-Sep-2017 07:16:19 PM INFO Company Information 1 Admin  User opened  Company Information form.
10-Sep-2017 07:16:25 PM INFO  1 Admin  User opened company information form.
10-Sep-2017 07:16:46 PM INFO InterAccountTransfer 1 Admin  User opened the InterAccountTransfer form.
10-Sep-2017 07:17:34 PM INFO Daily Savings Redistribution 1 Admin  User opened  Daily Savings Redistribution form.
10-Sep-2017 07:17:48 PM INFO  1 Admin  User opened company Daily Savings Redistribution.
10-Sep-2017 07:42:41 PM INFO frmTrialBalance 1 Admin  User opened the frmTrialBalance form.
10-Sep-2017 07:45:40 PM INFO RecentTrans 1 Admin  User opened the RecentTrans form.
10-Sep-2017 07:46:34 PM INFO DepWithdrawal 1 Admin  User opened the DepWithdrawal form.
10-Sep-2017 07:51:07 PM INFO CommissionDeduction 1 Admin  User opened the CommissionDeduction form.
10-Sep-2017 07:52:51 PM INFO SystemSetting 1 Admin  User opened the SystemSetting form.
11-Sep-2017 05:50:09 AM INFO Registration List 1 Admin  User opened  Registration List form.
11-Sep-2017 05:50:13 AM INFO  1 Admin  User opened the  registration list.
11-Sep-2017 06:02:08 AM INFO  9999 Unknown User  Application loading...
11-Sep-2017 06:02:11 AM INFO  9999 Unknown User  Application loading...
11-Sep-2017 06:02:48 AM INFO  9999 Unknown User  Application loading...
11-Sep-2017 06:02:51 AM INFO  9999 Unknown User  Application loading...
11-Sep-2017 06:03:12 AM INFO Registration List 1 Admin1  User opened  Registration List form.
11-Sep-2017 06:03:20 AM INFO  1 Admin1  User opened the  registration list.
11-Sep-2017 06:06:00 AM INFO Registration List 1 Admin1  User opened  Registration List form.
11-Sep-2017 06:06:35 AM INFO  1 Admin1  User opened the  registration list.
11-Sep-2017 06:11:18 AM INFO  1 Admin1  You do not have sufficient privilege to perform this action.
11-Sep-2017 06:12:09 AM INFO SystemSetting 1 Admin1  User opened the SystemSetting form.
11-Sep-2017 06:12:54 AM INFO CommissionDeduction 1 Admin1  User opened the CommissionDeduction form.
11-Sep-2017 06:56:47 AM INFO  1 Admin1  User Logged out...
11-Sep-2017 07:04:05 AM INFO  1 Admin1  User Logged out...
11-Sep-2017 08:02:49 AM INFO chargelist 1 Admin1  User opened the chargelist form.
11-Sep-2017 08:14:37 AM INFO chargelist 1 Admin1  User opened the chargelist form.
11-Sep-2017 08:39:18 AM INFO Deposit2 1 Admin1  User opened the Deposit2 form.
11-Sep-2017 08:39:29 AM INFO Deposit2 1 Admin1  User opened the Deposit2 form.
11-Sep-2017 08:39:37 AM INFO New Registration 1 Admin1  User opened  New Registration form.
11-Sep-2017 08:39:37 AM INFO  1 Admin1  User opened the registration form to register a new client.
11-Sep-2017 08:39:42 AM INFO Registration List 1 Admin1  User opened  Registration List form.
11-Sep-2017 08:39:59 AM INFO  1 Admin1  User opened the  registration list.
11-Sep-2017 08:40:04 AM INFO Deposit2 1 Admin1  User opened the Deposit2 form.
11-Sep-2017 08:40:26 AM INFO chargelist 1 Admin1  User opened the chargelist form.
11-Sep-2017 08:53:59 AM INFO Deposit2 1 Admin1  User opened the Deposit2 form.
11-Sep-2017 09:05:46 AM INFO FrmLoanRepayment 1 Admin1  User opened the FrmLoanRepayment form.
11-Sep-2017 09:23:46 AM INFO chargelist 1 Admin1  User opened the chargelist form.
11-Sep-2017 09:36:31 AM INFO Deposit2 1 Admin1  User opened the Deposit2 form.
11-Sep-2017 09:37:37 AM INFO chargelist 1 Admin1  User opened the chargelist form.
11-Sep-2017 09:39:18 AM INFO Deposit2 1 Admin1  User opened the Deposit2 form.
11-Sep-2017 09:42:44 AM INFO frmTrialBalance 1 Admin1  User opened the frmTrialBalance form.
11-Sep-2017 09:43:31 AM INFO Journal 1 Admin1 3075 Syntax error (missing operator) in query expression 'transcode='.
11-Sep-2017 09:43:31 AM INFO Journal 1 Admin1 3075 Syntax error (missing operator) in query expression 'transcode='.
11-Sep-2017 09:43:32 AM INFO Journal 1 Admin1  User opened the Journal form.
11-Sep-2017 10:39:53 AM INFO frmOperationDate 1 Admin1  User opened the frmOperationDate form.
11-Sep-2017 10:39:58 AM INFO Deposit2 1 Admin1  User opened the Deposit2 form.
11-Sep-2017 11:55:22 AM INFO frmTrialBalance 1 Admin1  User opened the frmTrialBalance form.
11-Sep-2017 12:29:28 PM INFO FrmAccountControl 1 Admin1  User opened the FrmAccountControl form.
11-Sep-2017 12:55:26 PM INFO Registration List 1 Admin1  User opened  Registration List form.
11-Sep-2017 12:55:35 PM INFO  1 Admin1  User opened the  registration list.
11-Sep-2017 01:43:51 PM INFO FrmAccountControl 1 Admin1  User opened the FrmAccountControl form.
11-Sep-2017 02:55:29 PM INFO FrmAccountControl 1 Admin1  User opened the FrmAccountControl form.
11-Sep-2017 03:06:54 PM INFO Daily Savings Redistribution 1 Admin1  User opened  Daily Savings Redistribution form.
11-Sep-2017 03:06:57 PM INFO  1 Admin1  User opened company Daily Savings Redistribution.
11-Sep-2017 04:52:43 PM INFO Registration List 1 Admin1  User opened  Registration List form.
11-Sep-2017 04:53:09 PM INFO  1 Admin1  User opened the  registration list.
11-Sep-2017 04:53:40 PM INFO Withdrawal4 1 Admin1  User opened the Withdrawal4 form.
11-Sep-2017 04:53:44 PM INFO FrmAccountControl 1 Admin1  User opened the FrmAccountControl form.
11-Sep-2017 04:57:29 PM INFO Daily Savings Redistribution 1 Admin1  User opened  Daily Savings Redistribution form.
11-Sep-2017 04:57:53 PM INFO  1 Admin1  User opened company Daily Savings Redistribution.
12-Sep-2017 09:52:47 AM INFO chargelist 1 Admin1  User opened the chargelist form.
12-Sep-2017 09:53:29 AM INFO CommissionDeduction 1 Admin1  User opened the CommissionDeduction form.
12-Sep-2017 09:58:46 AM INFO chargelist 1 Admin1  User opened the chargelist form.
12-Sep-2017 10:42:15 AM INFO  1 Admin1  User Logged out...
12-Sep-2017 11:50:48 AM INFO LoanReports 1 Admin1  User opened the LoanReports form.
12-Sep-2017 12:00:06 PM INFO LoanReports 1 Admin1  User opened the LoanReports form.
12-Sep-2017 12:00:23 PM INFO LoanReports 1 Admin1  User opened the LoanReports form.
12-Sep-2017 12:03:21 PM INFO Daily Savings Redistribution-Admin Panel 1 Admin1  User attempt to open Daily Savings Redistribution-Admin Panel faild because of no privilages or operation date not open.
12-Sep-2017 06:10:11 PM INFO Journal 1 Admin1 3075 Syntax error (missing operator) in query expression 'transcode='.
12-Sep-2017 06:10:11 PM INFO Journal 1 Admin1 3075 Syntax error (missing operator) in query expression 'transcode='.
12-Sep-2017 06:10:11 PM INFO Journal 1 Admin1  User opened the Journal form.
12-Sep-2017 06:12:31 PM INFO FrmAccountControl 1 Admin1  User opened the FrmAccountControl form.
12-Sep-2017 06:12:33 PM INFO AcctSummary 1 Admin1  User opened the AcctSummary form.
12-Sep-2017 11:10:24 PM INFO  1 Admin1  User Logged out...
12-Sep-2017 11:13:37 PM INFO Registration List 1 Admin1  User opened  Registration List form.
12-Sep-2017 11:14:00 PM INFO  1 Admin1  User opened the  registration list.
13-Sep-2017 12:14:30 AM INFO Registration List 1 Admin1  User opened  Registration List form.
13-Sep-2017 12:14:59 AM INFO  1 Admin1  User opened the  registration list.
13-Sep-2017 12:16:36 AM INFO Registration List 1 Admin1  User opened  Registration List form.
13-Sep-2017 12:16:56 AM INFO  1 Admin1  User opened the  registration list.
13-Sep-2017 12:17:35 AM INFO Registration List 1 Admin1  User opened  Registration List form.
13-Sep-2017 12:18:04 AM INFO  1 Admin1  User opened the  registration list.
13-Sep-2017 12:18:40 AM INFO Registration List 1 Admin1  User opened  Registration List form.
13-Sep-2017 12:19:58 AM INFO  1 Admin1  User opened the  registration list.
13-Sep-2017 12:21:03 AM INFO Withdrawal4 1 Admin1  User opened the Withdrawal4 form.
13-Sep-2017 12:29:52 AM INFO Withdrawal4 1 Admin1 3061 Too few parameters. Expected 1.
13-Sep-2017 12:30:44 AM INFO Withdrawal4 1 Admin1 3061 Too few parameters. Expected 1.
13-Sep-2017 12:31:10 AM INFO Withdrawal4 1 Admin1 3061 Too few parameters. Expected 1.
13-Sep-2017 12:34:54 AM INFO Deposit2 1 Admin1  User opened the Deposit2 form.
13-Sep-2017 01:00:57 AM INFO settings 1 Admin1  User opened the settings form.
13-Sep-2017 01:01:07 AM INFO settings 1 Admin1  User opened the settings form.
13-Sep-2017 01:11:52 AM INFO  1 Admin1  You do not have sufficient privilege to perform this action.
13-Sep-2017 01:11:54 AM INFO UsersList 1 Admin1  User opened the UsersList form.
13-Sep-2017 01:11:58 AM INFO UsersList 1 Admin1  User opened the UsersList form.
13-Sep-2017 01:12:03 AM INFO UsersList 1 Admin1  User opened the UsersList form.
13-Sep-2017 01:14:08 AM INFO UserPermission 1 Admin1  User opened the UserPermission form.
13-Sep-2017 01:15:19 AM INFO frmOperationDate 1 Admin1  User opened the frmOperationDate form.
13-Sep-2017 01:15:24 AM INFO FrmBranchList 1 Admin1  User opened the FrmBranchList form.
13-Sep-2017 01:15:26 AM INFO CompanyInformation 1 Admin1  User opened the CompanyInformation form.
13-Sep-2017 01:15:39 AM INFO  1 Admin1  You do not have sufficient privilege to perform this action.
13-Sep-2017 01:15:41 AM INFO UserPermission 1 Admin1  User opened the UserPermission form.
13-Sep-2017 01:15:57 AM INFO AccountList 1 Admin1  User opened the AccountList form.
13-Sep-2017 01:16:27 AM INFO chargeList 1 Admin1  User opened the chargeList form.
13-Sep-2017 01:16:45 AM INFO chargeList 1 Admin1  User opened the chargeList form.
13-Sep-2017 01:16:53 AM INFO AccountList 1 Admin1  User opened the AccountList form.
13-Sep-2017 01:18:32 AM INFO Daily Savings Redistribution 1 Admin1  User opened  Daily Savings Redistribution form.
13-Sep-2017 01:18:37 AM INFO  1 Admin1  User opened company Daily Savings Redistribution.
13-Sep-2017 01:25:17 AM INFO Daily Savings Redistribution 1 Admin1  User opened  Daily Savings Redistribution form.
13-Sep-2017 01:25:29 AM INFO  1 Admin1  User opened company Daily Savings Redistribution.
13-Sep-2017 01:26:22 AM INFO Withdrawal4 1 Admin1  User opened the Withdrawal4 form.
13-Sep-2017 01:26:43 AM INFO Deposit2 1 Admin1  User opened the Deposit2 form.
13-Sep-2017 01:27:06 AM INFO Daily Savings Redistribution 1 Admin1  User opened  Daily Savings Redistribution form.
13-Sep-2017 01:27:13 AM INFO  1 Admin1  User opened company Daily Savings Redistribution.
13-Sep-2017 01:46:12 AM INFO InterAccountTransfer 1 Admin1  User opened the InterAccountTransfer form.
13-Sep-2017 01:46:31 AM INFO settings 1 Admin1  User opened the settings form.
13-Sep-2017 01:48:43 AM INFO frmApprovalLimits 1 Admin1  User opened the frmApprovalLimits form.
13-Sep-2017 01:49:24 AM INFO frmApprovalLimits 1 Admin1  User opened the frmApprovalLimits form.
13-Sep-2017 02:03:44 AM INFO  9999 Unknown User  Application loading...
13-Sep-2017 02:03:47 AM INFO  9999 Unknown User  Application loading...
13-Sep-2017 02:04:11 AM INFO  1 Admin1  Permission to run SQL granted... SQL form opened...
13-Sep-2017 02:04:15 AM INFO  1 Admin1  Update Started.
13-Sep-2017 02:04:15 AM INFO  1 Admin1  Main RibbonXML updated.
13-Sep-2017 02:04:15 AM INFO  1 Admin1  Update Ended.
13-Sep-2017 02:06:12 AM INFO  9999 Unknown User  Application loading...
13-Sep-2017 02:06:15 AM INFO  9999 Unknown User  Application loading...
13-Sep-2017 02:07:07 AM INFO  1 Admin1  You do not have sufficient privilege to perform this action.
13-Sep-2017 02:07:12 AM INFO  1 Admin1  User opened the user list.
13-Sep-2017 02:07:37 AM INFO Statement 1 Admin1  User opened the Statement form.
13-Sep-2017 02:08:34 AM INFO Statement 1 Admin1  User opened the Statement form.
13-Sep-2017 02:09:52 AM INFO Withdrawal4 1 Admin1  User opened the Withdrawal4 form.
13-Sep-2017 02:12:40 AM INFO Withdrawal4 1 Admin1  User opened the Withdrawal4 form.
13-Sep-2017 02:12:45 AM INFO Deposit2 1 Admin1  User opened the Deposit2 form.
13-Sep-2017 02:13:01 AM INFO Statement 1 Admin1  User opened the Statement form.
13-Sep-2017 02:18:19 AM INFO  1 Admin1  User opened about form...
13-Sep-2017 02:22:58 AM INFO User List 1 Admin1  User opened  User List form.
13-Sep-2017 02:23:14 AM INFO  1 Admin1  User opened the the user list.
13-Sep-2017 02:29:26 AM INFO User List 1 Admin1  User opened  User List form.
13-Sep-2017 02:30:26 AM INFO User List 1 Admin1  User opened  User List form.
13-Sep-2017 02:30:35 AM INFO  1 Admin1  User opened the the user list.
13-Sep-2017 02:35:51 AM INFO User List 1 Admin1  User opened  User List form.
13-Sep-2017 02:35:57 AM INFO  1 Admin1  User opened the the user list.
13-Sep-2017 02:37:22 AM INFO User List 1 Admin1  User opened  User List form.
13-Sep-2017 02:38:20 AM INFO  1 Admin1  User opened the the user list.
13-Sep-2017 02:38:34 AM INFO User List 1 Admin1  User opened  User List form.
13-Sep-2017 02:39:12 AM INFO  1 Admin1  User opened the the user list.
13-Sep-2017 02:39:25 AM INFO User List 1 Admin1  User opened  User List form.
13-Sep-2017 02:39:42 AM INFO  1 Admin1  User opened the the user list.
13-Sep-2017 02:39:55 AM INFO User List 1 Admin1  User opened  User List form.
13-Sep-2017 02:40:44 AM INFO  1 Admin1  User opened the the user list.
13-Sep-2017 02:47:25 AM INFO  1 Admin1  Permission to run SQL granted... SQL form opened...
13-Sep-2017 02:48:40 AM INFO LoanReports 1 Admin1  User opened the LoanReports form.
13-Sep-2017 03:01:38 AM INFO LoanReports 1 Admin1  User opened the LoanReports form.
13-Sep-2017 03:13:03 AM INFO LoanReports 1 Admin1  User opened the LoanReports form.
13-Sep-2017 03:13:34 AM INFO LoanReports 1 Admin1  User opened the LoanReports form.
13-Sep-2017 03:20:21 AM INFO LoanReports 1 Admin1  User opened the LoanReports form.
13-Sep-2017 03:22:36 AM INFO Daily Savings Redistribution 1 Admin1  User opened  Daily Savings Redistribution form.
13-Sep-2017 03:22:46 AM INFO  1 Admin1  User opened company Daily Savings Redistribution.
13-Sep-2017 03:22:48 AM INFO CommissionDeduction 1 Admin1  User opened the CommissionDeduction form.
13-Sep-2017 03:23:51 AM INFO BulkchargeApplication 1 Admin1  User opened the BulkchargeApplication form.
13-Sep-2017 03:24:12 AM INFO frmOperationDate 1 Admin1  User opened the frmOperationDate form.
13-Sep-2017 03:24:21 AM INFO LoanReports 1 Admin1  User opened the LoanReports form.
13-Sep-2017 03:24:54 AM INFO LoanReports 1 Admin1  User opened the LoanReports form.
13-Sep-2017 03:25:32 AM INFO LoanReports 1 Admin1  User opened the LoanReports form.
13-Sep-2017 03:26:48 AM INFO Withdrawal4 1 Admin1  User opened the Withdrawal4 form.
13-Sep-2017 03:27:46 AM INFO  9999 Unknown User  Application loading...
13-Sep-2017 03:27:48 AM INFO  9999 Unknown User  Application loading...
13-Sep-2017 03:28:43 AM INFO  9999 Unknown User  Application loading...
13-Sep-2017 03:28:45 AM INFO  9999 Unknown User  Application loading...
13-Sep-2017 03:32:50 AM INFO  9999 Unknown User  Application loading...
13-Sep-2017 03:32:52 AM INFO  9999 Unknown User  Application loading...
13-Sep-2017 03:33:41 AM INFO  9999 Unknown User  Application loading...
13-Sep-2017 03:33:43 AM INFO  9999 Unknown User  Application loading...
13-Sep-2017 04:45:17 AM INFO Statement 1 Admin1  User opened the Statement form.
13-Sep-2017 04:47:04 AM INFO Statement 1 Admin1  User opened the Statement form.
13-Sep-2017 05:14:32 AM INFO  9999 Unknown User  Application loading...
13-Sep-2017 05:14:34 AM INFO  9999 Unknown User  Application loading...
13-Sep-2017 05:14:55 AM INFO  1 Admin1  You do not have sufficient privilege to perform this action.
13-Sep-2017 05:14:58 AM INFO  1 Admin1  User opened the user list.
13-Sep-2017 05:15:12 AM INFO OtherCashIn 1 Admin1  User opened the OtherCashIn form.
13-Sep-2017 05:15:22 AM INFO OtherCashOut 1 Admin1  User opened the OtherCashOut form.
13-Sep-2017 05:15:27 AM INFO Daily Savings Redistribution-Admin Panel 1 Admin1  User opened  Daily Savings Redistribution-Admin Panel form.
13-Sep-2017 05:15:39 AM INFO  1 Admin1  User opened company Daily Savings Redistribution - Admin Panel.
13-Sep-2017 05:15:47 AM INFO BulkchargeApplication 1 Admin1  User opened the BulkchargeApplication form.
13-Sep-2017 05:56:04 AM INFO OtherCashIn 1 Admin1  User opened the OtherCashIn form.
13-Sep-2017 05:56:48 AM INFO OtherCashOut 1 Admin1  User opened the OtherCashOut form.
13-Sep-2017 06:13:22 AM INFO  9999 Unknown User  You do not have sufficient privilege to perform this action.
13-Sep-2017 06:13:27 AM INFO  9999 Unknown User  You do not have sufficient privilege to perform this action.
13-Sep-2017 06:13:40 AM INFO  9999 Unknown User  User Logged out...
13-Sep-2017 06:13:55 AM INFO  1 Admin1  Permission to run SQL granted... SQL form opened...
13-Sep-2017 06:14:37 AM INFO Deposit2 1 Admin1  User opened the Deposit2 form.
13-Sep-2017 06:15:32 AM INFO Deposit2 1 Admin1  User opened the Deposit2 form.
13-Sep-2017 06:15:56 AM INFO Approve Loans 1 Admin1  User opened  Approve Loans form.
13-Sep-2017 06:15:56 AM INFO  1 Admin1  User opened the loan situation form to see requested loans.
13-Sep-2017 06:20:02 AM INFO Approve Loans 1 Admin1  User opened  Approve Loans form.
13-Sep-2017 06:20:02 AM INFO  1 Admin1  User opened the loan situation form to see requested loans.
13-Sep-2017 06:25:43 AM INFO FrmLoanRepayment 1 Admin1  User opened the FrmLoanRepayment form.
13-Sep-2017 06:52:16 AM INFO Approve Loans 1 Admin1  User opened  Approve Loans form.
13-Sep-2017 06:52:16 AM INFO  1 Admin1  User opened the loan situation form to see requested loans.
13-Sep-2017 07:16:52 AM INFO  9999 Unknown User  Application loading...
13-Sep-2017 07:17:37 AM INFO  9999 Unknown User  Application loading...
13-Sep-2017 07:18:13 AM INFO  9999 Unknown User  Application loading...
13-Sep-2017 07:18:28 AM INFO  9999 Unknown User  Application loading...
13-Sep-2017 07:21:02 AM INFO  9999 Unknown User  Application loading...
13-Sep-2017 07:21:05 AM INFO  9999 Unknown User  Application loading...
13-Sep-2017 07:23:40 AM INFO Deposit2 1 Admin1  User opened the Deposit2 form.
13-Sep-2017 07:23:45 AM INFO OtherCashIn 1 Admin1  User opened the OtherCashIn form.
13-Sep-2017 07:23:54 AM INFO Daily Savings Redistribution 1 Admin1  User opened  Daily Savings Redistribution form.
13-Sep-2017 07:23:57 AM INFO  1 Admin1  User opened company Daily Savings Redistribution.
13-Sep-2017 07:24:01 AM INFO LoanReports 1 Admin1  User opened the LoanReports form.
13-Sep-2017 07:24:05 AM INFO Registration List 1 Admin1  User opened  Registration List form.
13-Sep-2017 07:24:55 AM INFO Registration List 1 Admin1  User opened  Registration List form.
13-Sep-2017 07:25:26 AM INFO  1 Admin1  User opened the  registration list.
13-Sep-2017 07:25:45 AM INFO  9999 Unknown User  Application loading...
13-Sep-2017 07:25:48 AM INFO  9999 Unknown User  Application loading...
13-Sep-2017 07:27:33 AM INFO  9999 Unknown User  Application loading...
13-Sep-2017 07:27:35 AM INFO  9999 Unknown User  Application loading...
13-Sep-2017 07:30:28 AM INFO  9999 Unknown User  Application loading...
13-Sep-2017 07:30:30 AM INFO  9999 Unknown User  Application loading...
13-Sep-2017 07:31:44 AM INFO LoanReports 1 Admin1  User opened the LoanReports form.
13-Sep-2017 07:31:56 AM INFO settings 1 Admin1  User opened the settings form.
13-Sep-2017 07:32:06 AM INFO chargeList 1 Admin1  User opened the chargeList form.
13-Sep-2017 07:35:54 AM INFO AccountList 1 Admin1  User opened the AccountList form.
13-Sep-2017 07:38:26 AM INFO UsersList 1 Admin1  User opened the UsersList form.
13-Sep-2017 07:38:39 AM INFO UsersList 1 Admin1  User opened the UsersList form.
13-Sep-2017 07:38:57 AM INFO UserPermission 1 Admin1  User opened the UserPermission form.
13-Sep-2017 07:39:16 AM INFO frmOperationDate 1 Admin1  User opened the frmOperationDate form.
13-Sep-2017 07:39:21 AM INFO FrmBranchList 1 Admin1  User opened the FrmBranchList form.
13-Sep-2017 07:39:25 AM INFO CompanyInformation 1 Admin1  User opened the CompanyInformation form.
13-Sep-2017 07:39:33 AM INFO frmApprovalLimits 1 Admin1  User opened the frmApprovalLimits form.
13-Sep-2017 07:39:46 AM INFO settings 1 Admin1  User opened the settings form.
13-Sep-2017 07:41:33 AM INFO Statement 1 Admin1  User opened the Statement form.
13-Sep-2017 07:45:46 AM INFO  9999 Unknown User  Application loading...
13-Sep-2017 07:45:49 AM INFO  9999 Unknown User  Application loading...
13-Sep-2017 07:46:25 AM INFO Statement 1 Admin1  User opened the Statement form.
13-Sep-2017 07:46:57 AM INFO Daily Savings Redistribution-Admin Panel 1 Admin1  User opened  Daily Savings Redistribution-Admin Panel form.
13-Sep-2017 07:47:10 AM INFO  1 Admin1  User opened company Daily Savings Redistribution - Admin Panel.
13-Sep-2017 07:53:03 AM INFO settings 1 Admin1  User opened the settings form.
13-Sep-2017 07:53:05 AM INFO AccountList 1 Admin1  User opened the AccountList form.
13-Sep-2017 08:43:43 AM INFO chargeList 1 Admin1  User opened the chargeList form.
13-Sep-2017 08:43:52 AM INFO AccountList 1 Admin1  User opened the AccountList form.
13-Sep-2017 08:44:13 AM INFO Deposit2 1 Admin1  User opened the Deposit2 form.
13-Sep-2017 08:45:10 AM INFO BulkchargeApplication 1 Admin1  User opened the BulkchargeApplication form.
13-Sep-2017 08:46:56 AM INFO Registration List 1 Admin1  User opened  Registration List form.
13-Sep-2017 08:48:25 AM INFO  1 Admin1  User opened the  registration list.
13-Sep-2017 08:49:01 AM INFO DepWithdrawal 1 Admin1  User opened the DepWithdrawal form.
13-Sep-2017 09:29:52 AM INFO  1 Admin1  User Logged out...
13-Sep-2017 09:30:14 AM INFO Registration List 1 Admin1  User opened  Registration List form.
13-Sep-2017 09:32:04 AM INFO  1 Admin1  User opened the  registration list.
13-Sep-2017 09:32:09 AM INFO settings 1 Admin1  User opened the settings form.
13-Sep-2017 09:32:14 AM INFO AccountList 1 Admin1  User opened the AccountList form.
13-Sep-2017 09:33:31 AM INFO chargeList 1 Admin1  User opened the chargeList form.
13-Sep-2017 09:35:44 AM INFO AccountList 1 Admin1  User opened the AccountList form.
13-Sep-2017 09:36:40 AM INFO Registration List 1 Admin1  User opened  Registration List form.
13-Sep-2017 09:37:34 AM INFO  1 Admin1  User opened the  registration list.
13-Sep-2017 09:37:37 AM INFO Deposit2 1 Admin1  User opened the Deposit2 form.
13-Sep-2017 09:38:18 AM INFO settings 1 Admin1  User opened the settings form.
13-Sep-2017 09:38:22 AM INFO chargeList 1 Admin1  User opened the chargeList form.
13-Sep-2017 09:38:27 AM INFO AccountList 1 Admin1  User opened the AccountList form.
13-Sep-2017 09:38:43 AM INFO chargeList 1 Admin1  User opened the chargeList form.
13-Sep-2017 09:40:02 AM INFO Withdrawal4 1 Admin1  User opened the Withdrawal4 form.
13-Sep-2017 09:41:08 AM INFO OtherCashIn 1 Admin1  User opened the OtherCashIn form.
13-Sep-2017 09:43:34 AM INFO  9999 Unknown User  Application loading...
13-Sep-2017 09:43:37 AM INFO  9999 Unknown User  Application loading...
13-Sep-2017 09:44:21 AM INFO Product Key 1 Admin1  User opened  Product Key form.
13-Sep-2017 09:44:25 AM INFO  1 Admin1  Could not open the product key form.
13-Sep-2017 09:44:25 AM INFO  1 Admin1  User opened the product key form.
13-Sep-2017 09:44:39 AM INFO Deposit2 1 Admin1  User opened the Deposit2 form.
13-Sep-2017 09:45:50 AM INFO Daily Savings Redistribution 1 Admin1  User opened  Daily Savings Redistribution form.
13-Sep-2017 09:47:05 AM INFO  1 Admin1  User opened company Daily Savings Redistribution.
13-Sep-2017 09:47:15 AM INFO  1 Admin1 94 Invalid use of Null
13-Sep-2017 09:47:25 AM INFO OtherCashOut 1 Admin1  User opened the OtherCashOut form.
13-Sep-2017 09:47:34 AM INFO BulkchargeApplication 1 Admin1  User opened the BulkchargeApplication form.
13-Sep-2017 09:48:58 AM INFO settings 1 Admin1  User opened the settings form.
13-Sep-2017 09:49:00 AM INFO chargeList 1 Admin1  User opened the chargeList form.
13-Sep-2017 09:49:30 AM INFO BulkchargeApplication 1 Admin1  User opened the BulkchargeApplication form.
13-Sep-2017 09:50:28 AM INFO Statement 1 Admin1  User opened the Statement form.
13-Sep-2017 09:51:49 AM INFO Registration List 1 Admin1  User opened  Registration List form.
13-Sep-2017 09:52:32 AM INFO  1 Admin1  User opened the  registration list.
13-Sep-2017 09:52:40 AM INFO OtherCashOut 1 Admin1  User opened the OtherCashOut form.
13-Sep-2017 09:52:50 AM INFO OtherCashOut 1 Admin1  User opened the OtherCashOut form.
13-Sep-2017 09:53:29 AM INFO OtherCashIn 1 Admin1  User opened the OtherCashIn form.
13-Sep-2017 09:54:55 AM INFO frmTrialBalance 1 Admin1  User opened the frmTrialBalance form.
13-Sep-2017 09:56:53 AM INFO settings 1 Admin1  User opened the settings form.
13-Sep-2017 09:56:55 AM INFO AccountList 1 Admin1  User opened the AccountList form.
13-Sep-2017 09:58:05 AM INFO Deposit2 1 Admin1  User opened the Deposit2 form.
13-Sep-2017 10:12:19 AM INFO settings 1 Admin1  User opened the settings form.
13-Sep-2017 10:12:21 AM INFO AccountList 1 Admin1  User opened the AccountList form.
13-Sep-2017 10:12:48 AM INFO Deposit2 1 Admin1  User opened the Deposit2 form.
13-Sep-2017 10:13:09 AM INFO Deposit2 1 Admin1  User opened the Deposit2 form.
13-Sep-2017 10:14:34 AM INFO settings 1 Admin1  User opened the settings form.
13-Sep-2017 10:14:35 AM INFO AccountList 1 Admin1  User opened the AccountList form.
13-Sep-2017 10:14:45 AM INFO chargeList 1 Admin1  User opened the chargeList form.
13-Sep-2017 10:17:39 AM INFO settings 1 Admin1  User opened the settings form.
13-Sep-2017 10:17:42 AM INFO chargeList 1 Admin1  User opened the chargeList form.
13-Sep-2017 10:18:38 AM INFO frmTrialBalance 1 Admin1  User opened the frmTrialBalance form.
13-Sep-2017 10:19:37 AM INFO Deposit2 1 Admin1  User opened the Deposit2 form.
13-Sep-2017 10:20:16 AM INFO Journal 1 Admin1 3075 Syntax error (missing operator) in query expression 'transcode='.
13-Sep-2017 10:20:16 AM INFO Journal 1 Admin1 3075 Syntax error (missing operator) in query expression 'transcode='.
13-Sep-2017 10:20:16 AM INFO Journal 1 Admin1  User opened the Journal form.
13-Sep-2017 10:21:43 AM INFO Journal 1 Admin1 3075 Syntax error (missing operator) in query expression 'transcode='.
13-Sep-2017 10:21:43 AM INFO Journal 1 Admin1 3075 Syntax error (missing operator) in query expression 'transcode='.
13-Sep-2017 10:22:18 AM INFO Journal 1 Admin1 3075 Syntax error (missing operator) in query expression 'transcode='.
13-Sep-2017 10:22:18 AM INFO Journal 1 Admin1 3075 Syntax error (missing operator) in query expression 'transcode='.
13-Sep-2017 10:22:18 AM INFO Journal 1 Admin1  User opened the Journal form.
13-Sep-2017 10:25:35 AM INFO Journal 1 Admin1 3075 Syntax error (missing operator) in query expression 'transcode='.
13-Sep-2017 10:25:35 AM INFO Journal 1 Admin1 3075 Syntax error (missing operator) in query expression 'transcode='.
13-Sep-2017 10:25:46 AM INFO FrmLoanRepayment 1 Admin1  User opened the FrmLoanRepayment form.
13-Sep-2017 12:31:57 PM INFO  9999 Unknown User  Application loading...
13-Sep-2017 12:32:00 PM INFO  9999 Unknown User  Application loading...
15-Sep-2017 02:25:01 PM INFO  9999 Unknown User  Application loading...
15-Sep-2017 02:25:05 PM INFO  9999 Unknown User  Application loading...
15-Sep-2017 02:25:27 PM INFO Daily Savings Redistribution 1 Admin1  User opened  Daily Savings Redistribution form.
15-Sep-2017 02:25:46 PM INFO  1 Admin1  User opened company Daily Savings Redistribution.
15-Sep-2017 03:04:21 PM INFO  9999 Unknown User  Application loading...
15-Sep-2017 03:04:25 PM INFO  9999 Unknown User  Application loading...
15-Sep-2017 03:31:46 PM INFO  9999 Unknown User  Application loading...
15-Sep-2017 03:31:49 PM INFO  9999 Unknown User  Application loading...
17-Sep-2017 08:42:18 AM INFO  9999 Unknown User  Application loading...
17-Sep-2017 08:42:23 AM INFO  9999 Unknown User  Application loading...
17-Sep-2017 08:42:43 AM INFO settings 1 Admin1  User opened the settings form.
17-Sep-2017 08:42:45 AM INFO AccountList 1 Admin1  User opened the AccountList form.
17-Sep-2017 08:44:17 AM INFO  9999 Unknown User  Application loading...
17-Sep-2017 08:44:21 AM INFO  9999 Unknown User  Application loading...
17-Sep-2017 08:44:39 AM INFO settings 1 Admin1  User opened the settings form.
17-Sep-2017 08:44:44 AM INFO chargeList 1 Admin1  User opened the chargeList form.
17-Sep-2017 08:44:48 AM INFO AccountList 1 Admin1  User opened the AccountList form.
17-Sep-2017 08:49:18 AM INFO  9999 Unknown User  Application loading...
17-Sep-2017 08:49:21 AM INFO  9999 Unknown User  Application loading...
17-Sep-2017 08:49:56 AM INFO Daily Savings Redistribution-Admin Panel 1 Admin1  User opened  Daily Savings Redistribution-Admin Panel form.
17-Sep-2017 08:49:58 AM INFO  1 Admin1  User opened company Daily Savings Redistribution - Admin Panel.
17-Sep-2017 08:50:10 AM INFO settings 1 Admin1  User opened the settings form.
17-Sep-2017 08:50:13 AM INFO chargeList 1 Admin1  User opened the chargeList form.
17-Sep-2017 08:50:18 AM INFO AccountList 1 Admin1  User opened the AccountList form.
17-Sep-2017 08:51:50 AM INFO chargeList 1 Admin1  User opened the chargeList form.
17-Sep-2017 08:54:49 AM INFO  9999 Unknown User  Application loading...
17-Sep-2017 08:54:52 AM INFO  9999 Unknown User  Application loading...
17-Sep-2017 08:55:10 AM INFO settings 1 Admin1  User opened the settings form.
17-Sep-2017 08:55:12 AM INFO chargeList 1 Admin1  User opened the chargeList form.
17-Sep-2017 09:26:59 AM INFO  9999 Unknown User  Application loading...
17-Sep-2017 09:27:02 AM INFO  9999 Unknown User  Application loading...
17-Sep-2017 09:27:29 AM INFO  1 Admin1  You do not have sufficient privilege to perform this action.
17-Sep-2017 09:27:59 AM INFO  9999 Unknown User  Application loading...
17-Sep-2017 09:28:02 AM INFO  9999 Unknown User  Application loading...
17-Sep-2017 09:28:19 AM INFO Registration List 1 Admin1  User opened  Registration List form.
17-Sep-2017 09:28:28 AM INFO  1 Admin1  User opened the  registration list.
17-Sep-2017 09:33:30 AM INFO New Registration 1 Admin1  User attempt to open New Registration faild because of no privilages or operation date not open.
17-Sep-2017 09:34:33 AM INFO New Registration 1 Admin1  User attempt to open New Registration faild because of no privilages or operation date not open.
17-Sep-2017 09:39:26 AM INFO New Registration 1 Admin1  User attempt to open New Registration faild because of no privilages or operation date not open.
17-Sep-2017 09:39:56 AM INFO  9999 Unknown User  Application loading...
17-Sep-2017 09:39:58 AM INFO  9999 Unknown User  Application loading...
17-Sep-2017 09:40:13 AM INFO New Registration 1 Admin1  User attempt to open New Registration faild because of no privilages or operation date not open.
17-Sep-2017 09:40:15 AM INFO New Registration 1 Admin1  User attempt to open New Registration faild because of no privilages or operation date not open.
17-Sep-2017 09:40:15 AM INFO New Registration 1 Admin1  User attempt to open New Registration faild because of no privilages or operation date not open.
17-Sep-2017 09:40:17 AM INFO Registration List 1 Admin1  User opened  Registration List form.
17-Sep-2017 09:40:18 AM INFO New Registration 1 Admin1  User attempt to open New Registration faild because of no privilages or operation date not open.
17-Sep-2017 09:40:21 AM INFO New Registration 1 Admin1  User attempt to open New Registration faild because of no privilages or operation date not open.
17-Sep-2017 09:40:21 AM INFO New Registration 1 Admin1  User attempt to open New Registration faild because of no privilages or operation date not open.
17-Sep-2017 09:40:22 AM INFO New Registration 1 Admin1  User attempt to open New Registration faild because of no privilages or operation date not open.
17-Sep-2017 09:40:26 AM INFO New Registration 1 Admin1  User attempt to open New Registration faild because of no privilages or operation date not open.
17-Sep-2017 09:40:27 AM INFO New Registration 1 Admin1  User attempt to open New Registration faild because of no privilages or operation date not open.
17-Sep-2017 09:40:29 AM INFO New Registration 1 Admin1  User attempt to open New Registration faild because of no privilages or operation date not open.
17-Sep-2017 09:40:29 AM INFO New Registration 1 Admin1  User attempt to open New Registration faild because of no privilages or operation date not open.
17-Sep-2017 09:40:30 AM INFO New Registration 1 Admin1  User attempt to open New Registration faild because of no privilages or operation date not open.
17-Sep-2017 09:40:31 AM INFO New Registration 1 Admin1  User attempt to open New Registration faild because of no privilages or operation date not open.
17-Sep-2017 09:40:35 AM INFO  1 Admin1  User opened the  registration list.
17-Sep-2017 09:40:46 AM INFO  9999 Unknown User  Application loading...
17-Sep-2017 09:40:50 AM INFO  9999 Unknown User  Application loading...
17-Sep-2017 09:41:02 AM INFO Registration List 1 Admin1  User opened  Registration List form.
17-Sep-2017 09:41:04 AM INFO New Registration 1 Admin1  User attempt to open New Registration faild because of no privilages or operation date not open.
17-Sep-2017 09:41:06 AM INFO  1 Admin1  User opened the  registration list.
17-Sep-2017 09:42:42 AM INFO New Registration 1 Admin1  User attempt to open New Registration faild because of no privilages or operation date not open.
17-Sep-2017 09:43:07 AM INFO New Registration 1 Admin1  User attempt to open New Registration faild because of no privilages or operation date not open.
17-Sep-2017 09:43:07 AM INFO New Registration 1 Admin1  User attempt to open New Registration faild because of no privilages or operation date not open.
17-Sep-2017 09:43:21 AM INFO New Registration 1 Admin1  User attempt to open New Registration faild because of no privilages or operation date not open.
17-Sep-2017 09:43:34 AM INFO New Registration 1 Admin1  User attempt to open New Registration faild because of no privilages or operation date not open.
17-Sep-2017 09:44:40 AM INFO New Registration 1 Admin1  User attempt to open New Registration faild because of no privilages or operation date not open.
17-Sep-2017 09:44:41 AM INFO New Registration 1 Admin1  User attempt to open New Registration faild because of no privilages or operation date not open.
17-Sep-2017 09:44:41 AM INFO New Registration 1 Admin1  User attempt to open New Registration faild because of no privilages or operation date not open.
17-Sep-2017 09:44:43 AM INFO New Registration 1 Admin1  User attempt to open New Registration faild because of no privilages or operation date not open.
17-Sep-2017 09:44:51 AM INFO New Registration 1 Admin1  User attempt to open New Registration faild because of no privilages or operation date not open.
17-Sep-2017 11:58:20 AM INFO  9999 Unknown User  Application loading...
17-Sep-2017 11:58:23 AM INFO  9999 Unknown User  Application loading...
17-Sep-2017 06:28:14 PM INFO  9999 Unknown User  Application loading...
17-Sep-2017 06:28:18 PM INFO  9999 Unknown User  Application loading...
17-Sep-2017 06:29:10 PM INFO Daily Savings Redistribution 1 Admin1  User opened  Daily Savings Redistribution form.
17-Sep-2017 06:29:18 PM INFO  1 Admin1  User opened company Daily Savings Redistribution.
17-Sep-2017 06:29:20 PM INFO  1 Admin1  You do not have sufficient privilege to perform this action.
17-Sep-2017 06:29:22 PM INFO  1 Admin1  You do not have sufficient privilege to perform this action.
17-Sep-2017 06:29:28 PM INFO settings 1 Admin1  User opened the settings form.
17-Sep-2017 06:29:32 PM INFO UserPermission 1 Admin1  User opened the UserPermission form.
17-Sep-2017 06:29:45 PM INFO Deposit2 1 Admin1  User opened the Deposit2 form.
17-Sep-2017 06:30:29 PM INFO Daily Savings Redistribution 1 Admin1  User opened  Daily Savings Redistribution form.
17-Sep-2017 06:30:37 PM INFO  1 Admin1  User opened company Daily Savings Redistribution.
17-Sep-2017 06:30:39 PM INFO Registration List 1 Admin1  User opened  Registration List form.
17-Sep-2017 06:30:41 PM INFO New Registration 1 Admin1  User opened  New Registration form.
17-Sep-2017 06:30:46 PM INFO  1 Admin1  User opened the  registration list.
17-Sep-2017 06:30:49 PM INFO Deposit2 1 Admin1  User opened the Deposit2 form.
17-Sep-2017 06:30:52 PM INFO Daily Savings Redistribution 1 Admin1  User opened  Daily Savings Redistribution form.
17-Sep-2017 06:31:10 PM INFO  1 Admin1  User opened company Daily Savings Redistribution.
17-Sep-2017 06:42:54 PM INFO BulkchargeApplication 1 Admin1  User opened the BulkchargeApplication form.
18-Sep-2017 10:14:22 AM INFO  9999 Unknown User  Application loading...
18-Sep-2017 10:14:25 AM INFO  9999 Unknown User  Application loading...
18-Sep-2017 10:18:06 AM INFO Registration List 1 Admin1  User opened  Registration List form.
18-Sep-2017 10:18:07 AM INFO  1 Admin1  User opened the  registration list.
18-Sep-2017 10:18:09 AM INFO New Registration 1 Admin1  User opened  New Registration form.
18-Sep-2017 10:21:14 AM INFO  9999 Unknown User  Application loading...
18-Sep-2017 10:21:17 AM INFO  9999 Unknown User  Application loading...
18-Sep-2017 10:21:36 AM INFO BulkchargeApplication 1 Admin1  User opened the BulkchargeApplication form.
18-Sep-2017 10:34:38 AM INFO BulkchargeApplication 1 Admin1  User opened the BulkchargeApplication form.
18-Sep-2017 10:43:02 AM INFO Statement 1 Admin1  User opened the Statement form.
18-Sep-2017 11:43:31 AM INFO New Registration 1 Admin1  User opened  New Registration form.
18-Sep-2017 11:43:31 AM INFO  1 Admin1  User opened the registration form to register a new client.
18-Sep-2017 11:44:49 AM INFO FrmLoanRepayment 1 Admin1  User opened the FrmLoanRepayment form.
18-Sep-2017 11:44:57 AM INFO FrmLoanRepayment 1 Admin1  User opened the FrmLoanRepayment form.
18-Sep-2017 11:45:28 AM INFO  9999 Unknown User  Application loading...
18-Sep-2017 11:45:31 AM INFO  9999 Unknown User  Application loading...
20-Sep-2017 04:17:37 PM INFO  9999 Unknown User  Application loading...
20-Sep-2017 04:17:43 PM INFO  9999 Unknown User  Application loading...
20-Sep-2017 04:18:29 PM INFO Deposit2 1 Admin1  User opened the Deposit2 form.
20-Sep-2017 11:11:08 PM INFO  1 Admin1  User exited from the application...
23-Sep-2017 11:49:01 AM INFO  9999 Unknown User  Application loading...
23-Sep-2017 11:49:08 AM INFO  9999 Unknown User  Application loading...
23-Sep-2017 11:49:37 AM INFO User List 1 Admin1  User opened  User List form.
23-Sep-2017 11:49:44 AM INFO  1 Admin1  User opened the the user list.
23-Sep-2017 11:49:47 AM INFO  1 Admin1  User opened the user list.
23-Sep-2017 11:52:16 AM INFO  1 Admin1  User Logged out...
24-Sep-2017 09:49:24 AM INFO  9999 Unknown User  Application loading...
24-Sep-2017 09:49:29 AM INFO  9999 Unknown User  Application loading...
24-Sep-2017 09:56:01 AM INFO  1 Admin1  Permission to run SQL granted... SQL form opened...
24-Sep-2017 10:00:57 AM INFO Registration List 1 Admin1  User opened  Registration List form.
24-Sep-2017 10:00:57 AM INFO  1 Admin1  User opened the  registration list.
24-Sep-2017 10:02:07 AM INFO New Registration 1 Admin1  User opened  New Registration form.
24-Sep-2017 10:05:10 AM INFO  1 Admin1  Permission to run SQL granted... SQL form opened...
24-Sep-2017 12:39:15 PM INFO Registration List 1 Admin1  User opened  Registration List form.
24-Sep-2017 12:39:16 PM INFO  1 Admin1  User opened the  registration list.
24-Sep-2017 01:19:13 PM INFO  9999 Unknown User  Application loading...
24-Sep-2017 01:19:16 PM INFO  9999 Unknown User  Application loading...
24-Sep-2017 01:19:32 PM INFO  9999 Unknown User  Application loading...
24-Sep-2017 01:19:37 PM INFO  9999 Unknown User  Application loading...
24-Sep-2017 01:39:55 PM INFO  9999 Unknown User  Application loading...
24-Sep-2017 01:39:58 PM INFO  9999 Unknown User  Application loading...
24-Sep-2017 02:07:06 PM INFO  9999 Unknown User  Application loading...
24-Sep-2017 02:07:11 PM INFO  9999 Unknown User  Application loading...
24-Sep-2017 02:08:08 PM INFO FrmAccountControl 1 Admin1  User opened the FrmAccountControl form.
24-Sep-2017 03:04:14 PM INFO frmTrialBalance 1 Admin1  User opened the frmTrialBalance form.
24-Sep-2017 03:04:21 PM INFO frmOperationDate 1 Admin1  User opened the frmOperationDate form.
24-Sep-2017 03:06:03 PM INFO FrmAccountControl 1 Admin1  User opened the FrmAccountControl form.
24-Sep-2017 03:50:53 PM INFO frmTrialBalance 1 Admin1  User opened the frmTrialBalance form.
24-Sep-2017 03:50:57 PM INFO frmTrialBalance 1 Admin1  User opened the frmTrialBalance form.
24-Sep-2017 08:59:55 PM INFO  9999 Unknown User  Application loading...
24-Sep-2017 09:00:01 PM INFO  9999 Unknown User  Application loading...
24-Sep-2017 09:05:22 PM INFO  1 Admin1  User Logged out...
24-Sep-2017 09:09:04 PM INFO  5 user789  User Logged out...
24-Sep-2017 09:11:02 PM INFO  5 user789  User Logged out...
24-Sep-2017 09:11:55 PM INFO  5 user789  User attempt to log in failed because user is already logged in...
24-Sep-2017 09:11:56 PM INFO  5 user789  User Logged out...
24-Sep-2017 09:12:52 PM INFO User List 5 user789  User attempt to open User List faild because of no privilages or operation date not open.
24-Sep-2017 09:12:56 PM INFO User List 5 user789  User attempt to open User List faild because of no privilages or operation date not open.
24-Sep-2017 09:13:07 PM INFO  5 user789  You do not have sufficient privilege to perform this action.
24-Sep-2017 09:13:11 PM INFO  5 user789  You do not have sufficient privilege to perform this action.
24-Sep-2017 09:13:12 PM INFO  5 user789  You do not have sufficient privilege to perform this action.
24-Sep-2017 09:13:12 PM INFO  5 user789  You do not have sufficient privilege to perform this action.
24-Sep-2017 09:13:13 PM INFO  5 user789  You do not have sufficient privilege to perform this action.
24-Sep-2017 09:13:13 PM INFO  5 user789  You do not have sufficient privilege to perform this action.
24-Sep-2017 09:13:14 PM INFO  5 user789  You do not have sufficient privilege to perform this action.
24-Sep-2017 09:13:14 PM INFO  5 user789  You do not have sufficient privilege to perform this action.
24-Sep-2017 09:13:15 PM INFO  5 user789  You do not have sufficient privilege to perform this action.
24-Sep-2017 09:13:15 PM INFO  5 user789  You do not have sufficient privilege to perform this action.
24-Sep-2017 09:13:16 PM INFO Daily Savings Redistribution 5 user789  User attempt to open Daily Savings Redistribution faild because of no privilages or operation date not open.
24-Sep-2017 09:13:17 PM INFO  5 user789  You do not have sufficient privilege to perform this action.
24-Sep-2017 09:13:18 PM INFO  5 user789  You do not have sufficient privilege to perform this action.
24-Sep-2017 09:13:19 PM INFO  5 user789  You do not have sufficient privilege to perform this action.
24-Sep-2017 09:13:19 PM INFO  5 user789  You do not have sufficient privilege to perform this action.
24-Sep-2017 09:13:49 PM INFO  5 user789  You do not have sufficient privilege to perform this action.
24-Sep-2017 09:13:57 PM INFO  5 user789  User Logged out...
24-Sep-2017 09:14:55 PM INFO User List 1 Admin1  User opened  User List form.
24-Sep-2017 09:15:00 PM INFO  1 Admin1  User opened the the user list.
24-Sep-2017 09:25:00 PM INFO  1 Admin1  User Logged out...
24-Sep-2017 09:25:26 PM INFO  5 user789  User Logged out...
24-Sep-2017 09:25:43 PM INFO User List 1 Admin1  User opened  User List form.
24-Sep-2017 09:25:49 PM INFO  1 Admin1  User opened the the user list.
24-Sep-2017 09:25:51 PM INFO  1 Admin1  User Logged out...
24-Sep-2017 09:26:24 PM INFO User List 5 user789  User attempt to open User List faild because of no privilages or operation date not open.
24-Sep-2017 09:26:30 PM INFO Company Information 5 user789  User attempt to open Company Information faild because of no privilages or operation date not open.
24-Sep-2017 09:26:31 PM INFO Product Key 5 user789  User attempt to open Product Key faild because of no privilages or operation date not open.
24-Sep-2017 09:26:31 PM INFO  5 user789  You do not have sufficient privilege to perform this action.
24-Sep-2017 09:26:32 PM INFO  5 user789  You do not have sufficient privilege to perform this action.
24-Sep-2017 09:26:37 PM INFO  5 user789  You do not have sufficient privilege to perform this action.
24-Sep-2017 09:26:38 PM INFO  5 user789  You do not have sufficient privilege to perform this action.
24-Sep-2017 09:26:38 PM INFO  5 user789  You do not have sufficient privilege to perform this action.
24-Sep-2017 09:26:38 PM INFO  5 user789  You do not have sufficient privilege to perform this action.
24-Sep-2017 09:26:39 PM INFO  5 user789  You do not have sufficient privilege to perform this action.
24-Sep-2017 09:26:40 PM INFO  5 user789  You do not have sufficient privilege to perform this action.
24-Sep-2017 09:26:40 PM INFO  5 user789  You do not have sufficient privilege to perform this action.
24-Sep-2017 09:26:41 PM INFO  5 user789  You do not have sufficient privilege to perform this action.
24-Sep-2017 09:26:41 PM INFO  5 user789  You do not have sufficient privilege to perform this action.
24-Sep-2017 09:26:41 PM INFO  5 user789  You do not have sufficient privilege to perform this action.
24-Sep-2017 09:26:50 PM INFO  5 user789  You do not have sufficient privilege to perform this action.
24-Sep-2017 09:26:51 PM INFO  5 user789  You do not have sufficient privilege to perform this action.
24-Sep-2017 09:26:51 PM INFO  5 user789  You do not have sufficient privilege to perform this action.
24-Sep-2017 09:26:52 PM INFO Daily Savings Redistribution 5 user789  User attempt to open Daily Savings Redistribution faild because of no privilages or operation date not open.
24-Sep-2017 09:26:52 PM INFO  5 user789  You do not have sufficient privilege to perform this action.
24-Sep-2017 09:32:41 PM INFO  5 user789  User Logged out...
24-Sep-2017 09:33:00 PM INFO  9999 Unknown User  Application loading...
24-Sep-2017 09:33:04 PM INFO  9999 Unknown User  Application loading...
24-Sep-2017 09:33:22 PM INFO  1 Admin1  User opened the user list.
24-Sep-2017 09:37:55 PM INFO  1 Admin1  User opened the user list.
24-Sep-2017 10:10:38 PM INFO UserPermissionSubform 1 Admin1 2465 Application-defined or object-defined error
24-Sep-2017 10:11:43 PM INFO UserPermissionSubform 1 Admin1 2465 Application-defined or object-defined error
24-Sep-2017 10:11:49 PM INFO UserPermissionSubform 1 Admin1 2465 Application-defined or object-defined error
24-Sep-2017 10:44:22 PM INFO FrmLoanRepayment 1 Admin1  User opened the FrmLoanRepayment form.
24-Sep-2017 10:45:02 PM INFO User List 1 Admin1  User opened  User List form.
24-Sep-2017 10:45:10 PM INFO  1 Admin1  User opened the the user list.
24-Sep-2017 10:46:32 PM INFO User List 1 Admin1  User opened  User List form.
24-Sep-2017 10:47:13 PM INFO  1 Admin1  User opened the the user list.
24-Sep-2017 10:47:16 PM INFO  1 Admin1  User opened the user list.
24-Sep-2017 10:48:09 PM INFO  1 Admin1  User Logged out...
24-Sep-2017 10:48:29 PM INFO Daily Savings Redistribution 6 Awa Kinason  User opened  Daily Savings Redistribution form.
24-Sep-2017 10:48:35 PM INFO  6 Awa Kinason  User opened company Daily Savings Redistribution.
24-Sep-2017 10:48:57 PM INFO User List 6 Awa Kinason  User attempt to open User List faild because of no privilages or operation date not open.
24-Sep-2017 10:49:57 PM INFO  6 Awa Kinason  User Logged out...
24-Sep-2017 10:50:15 PM INFO  1 Admin1  User opened the user list.
24-Sep-2017 10:50:50 PM INFO  1 Admin1  User opened the user list.
24-Sep-2017 10:53:30 PM INFO Registration List 1 Admin1  User opened  Registration List form.
24-Sep-2017 10:53:30 PM INFO  1 Admin1  User opened the  registration list.
24-Sep-2017 10:53:56 PM INFO New Registration 1 Admin1  User opened  New Registration form.
24-Sep-2017 10:55:48 PM INFO LoanReports 1 Admin1  User opened the LoanReports form.
24-Sep-2017 11:15:40 PM INFO New Registration 1 Admin1  User opened  New Registration form.
24-Sep-2017 11:15:49 PM INFO New Registration 1 Admin1  User opened  New Registration form.
24-Sep-2017 11:16:10 PM INFO New Registration 1 Admin1  User opened  New Registration form.
24-Sep-2017 11:47:40 PM INFO Registration List 1 Admin1  User opened  Registration List form.
24-Sep-2017 11:47:40 PM INFO  1 Admin1  User opened the  registration list.
24-Sep-2017 11:51:27 PM INFO Registration List 1 Admin1  User opened  Registration List form.
24-Sep-2017 11:51:27 PM INFO  1 Admin1  User opened the  registration list.
24-Sep-2017 11:54:47 PM INFO Registration List 1 Admin1  User opened  Registration List form.
24-Sep-2017 11:54:47 PM INFO  1 Admin1  User opened the  registration list.
24-Sep-2017 11:55:23 PM INFO New Registration 1 Admin1  User opened  New Registration form.
24-Sep-2017 11:55:33 PM INFO New Registration 1 Admin1  User opened  New Registration form.
24-Sep-2017 11:56:59 PM INFO Registration List 1 Admin1  User opened  Registration List form.
24-Sep-2017 11:56:59 PM INFO  1 Admin1  User opened the  registration list.
24-Sep-2017 11:57:03 PM INFO New Registration 1 Admin1  User opened  New Registration form.
24-Sep-2017 11:57:26 PM INFO New Registration 1 Admin1  User opened  New Registration form.
24-Sep-2017 11:58:39 PM INFO New Registration 1 Admin1  User opened  New Registration form.
24-Sep-2017 11:58:47 PM INFO New Registration 1 Admin1  User opened  New Registration form.
24-Sep-2017 11:58:55 PM INFO New Registration 1 Admin1  User opened  New Registration form.
24-Sep-2017 11:59:04 PM INFO New Registration 1 Admin1  User opened  New Registration form.
25-Sep-2017 12:00:02 AM INFO  9999 Unknown User  Application loading...
25-Sep-2017 12:00:05 AM INFO  9999 Unknown User  Application loading...
25-Sep-2017 08:42:15 AM INFO  9999 Unknown User  Application loading...
25-Sep-2017 08:42:33 AM INFO  9999 Unknown User  Application loading...
25-Sep-2017 08:43:02 AM INFO Registration List 1 Admin1  User opened  Registration List form.
25-Sep-2017 08:43:03 AM INFO  1 Admin1  User opened the  registration list.
25-Sep-2017 08:43:14 AM INFO New Registration 1 Admin1  User opened  New Registration form.
25-Sep-2017 08:45:06 AM INFO BulkchargeApplication 1 Admin1  User opened the BulkchargeApplication form.
25-Sep-2017 08:49:35 AM INFO settings 1 Admin1  User opened the settings form.
25-Sep-2017 08:49:37 AM INFO chargeList 1 Admin1  User opened the chargeList form.
25-Sep-2017 08:51:43 AM INFO BulkchargeApplication 1 Admin1  User opened the BulkchargeApplication form.
25-Sep-2017 08:52:25 AM INFO  1 Admin1  User exited from the application...
