27-Nov-2017 08:51:56 AM INFO  9999 Unknown User  Application loading...
27-Nov-2017 08:52:34 AM INFO  9999 Unknown User  Application loading...
27-Nov-2017 08:52:34 AM INFO  9999 Unknown User  User Logged out...
27-Nov-2017 08:55:45 AM INFO Registration List 1 Admin1  User opened  Registration List form.
27-Nov-2017 08:55:46 AM INFO  1 Admin1  User opened the  registration list.
27-Nov-2017 08:57:15 AM INFO OtherCashIn 1 Admin1  User opened the OtherCashIn form.
27-Nov-2017 08:57:21 AM INFO Daily Savings Redistribution 1 Admin1  User opened  Daily Savings Redistribution form.
27-Nov-2017 08:57:24 AM INFO  1 Admin1  User opened company Daily Savings Redistribution.
27-Nov-2017 08:57:29 AM INFO Deposit2 1 Admin1  User opened the Deposit2 form.
27-Nov-2017 08:57:59 AM INFO  9999 Unknown User  Application loading...
27-Nov-2017 08:58:31 AM INFO  9999 Unknown User  User attempt to log in failed because user is already logged in...
27-Nov-2017 08:58:34 AM INFO  9999 Unknown User  Application loading...
27-Nov-2017 08:58:34 AM INFO  9999 Unknown User  User Logged out...
27-Nov-2017 08:58:55 AM INFO Daily Savings Redistribution 1 Admin1  User opened  Daily Savings Redistribution form.
27-Nov-2017 08:58:59 AM INFO  1 Admin1  User opened company Daily Savings Redistribution.
27-Nov-2017 09:00:19 AM INFO  1 Admin1  Permission to run SQL granted... SQL form opened...
27-Nov-2017 09:02:17 AM INFO  1 Admin1  Update Started.
27-Nov-2017 09:02:17 AM INFO  1 Admin1  Update Ended.
27-Nov-2017 09:03:30 AM INFO  9999 Unknown User  Application loading...
27-Nov-2017 09:03:52 AM INFO  9999 Unknown User  User attempt to log in failed because user is already logged in...
27-Nov-2017 09:03:54 AM INFO  9999 Unknown User  Application loading...
27-Nov-2017 09:03:54 AM INFO  9999 Unknown User  User Logged out...
27-Nov-2017 09:05:38 AM INFO  1 Admin1  Permission to run SQL granted... SQL form opened...
27-Nov-2017 09:05:43 AM INFO  1 Admin1  Update Started.
27-Nov-2017 09:05:43 AM INFO  1 Admin1  Update Ended.
27-Nov-2017 09:06:08 AM INFO  1 Admin1  Update Started.
27-Nov-2017 09:06:08 AM INFO  1 Admin1  Update Ended.
27-Nov-2017 09:24:21 AM INFO settings 1 Admin1  User opened the settings form.
27-Nov-2017 09:24:29 AM INFO chargeList 1 Admin1  User opened the chargeList form.
27-Nov-2017 09:38:28 AM INFO AccountList 1 Admin1  User opened the AccountList form.
27-Nov-2017 09:39:06 AM INFO settings 1 Admin1  User opened the settings form.
27-Nov-2017 09:43:09 AM INFO Registration List 1 Admin1  User opened  Registration List form.
27-Nov-2017 09:43:09 AM INFO  1 Admin1  User opened the  registration list.
27-Nov-2017 09:43:11 AM INFO New Registration 1 Admin1  User opened  New Registration form.
27-Nov-2017 09:44:08 AM INFO New Registration 1 Admin1  User opened  New Registration form.
27-Nov-2017 09:45:27 AM INFO Deposit2 1 Admin1  User opened the Deposit2 form.
27-Nov-2017 09:46:21 AM INFO settings 1 Admin1  User opened the settings form.
27-Nov-2017 09:46:23 AM INFO AccountList 1 Admin1  User opened the AccountList form.
27-Nov-2017 09:48:06 AM INFO New Registration 1 Admin1  User opened  New Registration form.
27-Nov-2017 09:49:10 AM INFO Vault 1 Admin1  User opened the Vault form.
27-Nov-2017 10:09:34 AM INFO FrmLoanRepayment 1 Admin1  User opened the FrmLoanRepayment form.
27-Nov-2017 10:12:54 AM INFO Deposit2 1 Admin1  User opened the Deposit2 form.
27-Nov-2017 11:34:34 AM INFO settings 1 Admin1  User opened the settings form.
27-Nov-2017 11:34:36 AM INFO AccountList 1 Admin1  User opened the AccountList form.
27-Nov-2017 11:35:03 AM INFO BulkchargeApplication 1 Admin1  User opened the BulkchargeApplication form.
27-Nov-2017 11:36:43 AM INFO chargeList 1 Admin1  User opened the chargeList form.
27-Nov-2017 11:37:25 AM INFO BulkchargeApplication 1 Admin1  User opened the BulkchargeApplication form.
27-Nov-2017 11:43:42 AM INFO chargeList 1 Admin1  User opened the chargeList form.
27-Nov-2017 12:13:32 PM INFO chargeList 1 Admin1  User opened the chargeList form.
27-Nov-2017 12:24:31 PM INFO chargeList 1 Admin1  User opened the chargeList form.
27-Nov-2017 12:50:36 PM INFO chargeList 1 Admin1  User opened the chargeList form.
27-Nov-2017 12:52:56 PM INFO Deposit2 1 Admin1  User opened the Deposit2 form.
27-Nov-2017 01:29:59 PM INFO AccountList 1 Admin1  User opened the AccountList form.
27-Nov-2017 01:30:22 PM INFO Registration List 1 Admin1  User opened  Registration List form.
27-Nov-2017 01:30:22 PM INFO  1 Admin1  User opened the  registration list.
27-Nov-2017 01:30:24 PM INFO New Registration 1 Admin1  User opened  New Registration form.
27-Nov-2017 01:30:45 PM INFO Deposit2 1 Admin1  User opened the Deposit2 form.
27-Nov-2017 01:32:42 PM INFO AccountList 1 Admin1  User opened the AccountList form.
27-Nov-2017 01:33:45 PM INFO AccountList 1 Admin1  User opened the AccountList form.
27-Nov-2017 01:35:21 PM INFO AccountList 1 Admin1  User opened the AccountList form.
27-Nov-2017 01:35:50 PM INFO chargeList 1 Admin1  User opened the chargeList form.
27-Nov-2017 01:36:13 PM INFO Registration List 1 Admin1  User opened  Registration List form.
27-Nov-2017 01:36:13 PM INFO  1 Admin1  User opened the  registration list.
27-Nov-2017 01:36:15 PM INFO New Registration 1 Admin1  User opened  New Registration form.
27-Nov-2017 01:36:51 PM INFO Deposit2 1 Admin1  User opened the Deposit2 form.
27-Nov-2017 01:38:33 PM INFO chargeList 1 Admin1  User opened the chargeList form.
27-Nov-2017 01:38:56 PM INFO Deposit2 1 Admin1  User opened the Deposit2 form.
27-Nov-2017 01:39:52 PM INFO Daily Savings Redistribution 1 Admin1  User opened  Daily Savings Redistribution form.
27-Nov-2017 01:39:57 PM INFO  1 Admin1  User opened company Daily Savings Redistribution.
27-Nov-2017 01:41:22 PM INFO frmOperationDate 1 Admin1  User opened the frmOperationDate form.
27-Nov-2017 01:41:45 PM INFO Deposit2 1 Admin1  User opened the Deposit2 form.
27-Nov-2017 01:44:20 PM INFO Deposit2 1 Admin1  User opened the Deposit2 form.
27-Nov-2017 01:44:31 PM INFO Withdrawal4 1 Admin1  User opened the Withdrawal4 form.
27-Nov-2017 01:47:34 PM INFO Statement 1 Admin1  User opened the Statement form.
27-Nov-2017 01:53:46 PM INFO Daily Savings Redistribution 1 Admin1  User opened  Daily Savings Redistribution form.
27-Nov-2017 01:57:04 PM INFO  1 Admin1  User opened company Daily Savings Redistribution.
27-Nov-2017 02:05:02 PM INFO DepWithdrawal 1 Admin1  User opened the DepWithdrawal form.
27-Nov-2017 02:05:52 PM INFO Registration List 1 Admin1  User opened  Registration List form.
27-Nov-2017 02:05:52 PM INFO  1 Admin1  User opened the  registration list.
27-Nov-2017 02:08:42 PM INFO New Registration 1 Admin1  User opened  New Registration form.
27-Nov-2017 02:09:30 PM INFO New Registration 1 Admin1  User opened  New Registration form.
27-Nov-2017 02:11:03 PM INFO  1 Admin1  User opened the user list.
27-Nov-2017 02:23:03 PM INFO Registration List 1 Admin1  User opened  Registration List form.
27-Nov-2017 02:23:04 PM INFO  1 Admin1  User opened the  registration list.
27-Nov-2017 02:28:19 PM INFO System Settings 1 Admin1  User opened  System Settings form.
27-Nov-2017 02:28:48 PM INFO Registration List 1 Admin1  User opened  Registration List form.
27-Nov-2017 02:28:49 PM INFO System Settings 1 Admin1  User opened  System Settings form.
27-Nov-2017 02:29:17 PM INFO Registration List 1 Admin1  User opened  Registration List form.
27-Nov-2017 02:29:55 PM INFO Registration List 1 Admin1  User opened  Registration List form.
27-Nov-2017 02:31:15 PM INFO  9999 Unknown User  Application loading...
27-Nov-2017 02:31:21 PM INFO  9999 Unknown User  Application loading...
27-Nov-2017 02:31:21 PM INFO  9999 Unknown User  User Logged out...
27-Nov-2017 02:31:55 PM INFO Registration List 1 Admin1  User opened  Registration List form.
27-Nov-2017 02:31:55 PM INFO System Settings 1 Admin1  User opened  System Settings form.
27-Nov-2017 02:32:24 PM INFO Registration List 1 Admin1  User opened  Registration List form.
27-Nov-2017 02:32:24 PM INFO System Settings 1 Admin1  User opened  System Settings form.
27-Nov-2017 02:32:48 PM INFO Registration List 1 Admin1  User opened  Registration List form.
27-Nov-2017 02:32:48 PM INFO System Settings 1 Admin1  User opened  System Settings form.
27-Nov-2017 02:32:48 PM INFO  1 Admin1  User opened the  registration list.
27-Nov-2017 02:33:44 PM INFO System Settings 1 Admin1  User opened  System Settings form.
27-Nov-2017 02:34:34 PM INFO System Settings 1 Admin1  User opened  System Settings form.
27-Nov-2017 02:34:43 PM INFO Registration List 1 Admin1  User opened  Registration List form.
27-Nov-2017 02:34:43 PM INFO System Settings 1 Admin1  User opened  System Settings form.
27-Nov-2017 02:34:43 PM INFO  1 Admin1  User opened the  registration list.
27-Nov-2017 02:35:11 PM INFO New Registration 1 Admin1  User opened  New Registration form.
27-Nov-2017 02:37:24 PM INFO Registration List 1 Admin1  User opened  Registration List form.
27-Nov-2017 02:37:24 PM INFO System Settings 1 Admin1  User opened  System Settings form.
27-Nov-2017 02:37:25 PM INFO  1 Admin1  User opened the  registration list.
27-Nov-2017 02:38:03 PM INFO System Settings 1 Admin1  User opened  System Settings form.
27-Nov-2017 02:38:17 PM INFO New Registration 1 Admin1  User opened  New Registration form.
27-Nov-2017 02:39:26 PM INFO  1 Admin1  User opened the user list.
27-Nov-2017 02:42:04 PM INFO New Registration 1 Admin1  User opened  New Registration form.
27-Nov-2017 02:42:06 PM INFO System Settings 1 Admin1  User opened  System Settings form.
27-Nov-2017 02:42:57 PM INFO New Registration 1 Admin1  User opened  New Registration form.
27-Nov-2017 02:42:58 PM INFO System Settings 1 Admin1  User opened  System Settings form.
27-Nov-2017 02:48:29 PM INFO New Registration 1 Admin1  User opened  New Registration form.
27-Nov-2017 02:48:31 PM INFO System Settings 1 Admin1  User opened  System Settings form.
27-Nov-2017 02:53:32 PM INFO New Registration 1 Admin1  User opened  New Registration form.
27-Nov-2017 02:53:33 PM INFO System Settings 1 Admin1  User opened  System Settings form.
27-Nov-2017 02:57:09 PM INFO New Registration 1 Admin1  User opened  New Registration form.
27-Nov-2017 02:57:10 PM INFO System Settings 1 Admin1  User opened  System Settings form.
27-Nov-2017 02:57:21 PM INFO Registration List 1 Admin1  User opened  Registration List form.
27-Nov-2017 02:57:21 PM INFO System Settings 1 Admin1  User opened  System Settings form.
27-Nov-2017 02:57:21 PM INFO  1 Admin1  User opened the  registration list.
27-Nov-2017 02:57:24 PM INFO New Registration 1 Admin1  User opened  New Registration form.
27-Nov-2017 02:57:24 PM INFO System Settings 1 Admin1  User opened  System Settings form.
27-Nov-2017 02:59:17 PM INFO New Registration 1 Admin1  User opened  New Registration form.
27-Nov-2017 02:59:18 PM INFO System Settings 1 Admin1  User opened  System Settings form.
27-Nov-2017 03:01:19 PM INFO Daily Savings Redistribution 1 Admin1  User opened  Daily Savings Redistribution form.
27-Nov-2017 03:01:24 PM INFO  1 Admin1  User opened company Daily Savings Redistribution.
27-Nov-2017 03:02:12 PM INFO Daily Savings Redistribution-Admin Panel 1 Admin1  User opened  Daily Savings Redistribution-Admin Panel form.
27-Nov-2017 03:02:17 PM INFO  1 Admin1  User opened company Daily Savings Redistribution - Admin Panel.
27-Nov-2017 03:11:28 PM INFO  9999 Unknown User  Application loading...
27-Nov-2017 03:11:32 PM INFO  9999 Unknown User  Application loading...
27-Nov-2017 03:11:32 PM INFO  9999 Unknown User  User Logged out...
27-Nov-2017 03:12:25 PM INFO InterAccountTransfer 1 Admin1  User opened the InterAccountTransfer form.
27-Nov-2017 03:46:28 PM INFO Registration List 1 Admin1  User opened  Registration List form.
27-Nov-2017 03:46:28 PM INFO System Settings 1 Admin1  User opened  System Settings form.
27-Nov-2017 03:46:28 PM INFO  1 Admin1  User opened the  registration list.
27-Nov-2017 03:48:56 PM INFO New Registration 1 Admin1  User opened  New Registration form.
27-Nov-2017 03:51:00 PM INFO AcctSummary 1 Admin1  User opened the AcctSummary form.
27-Nov-2017 04:56:56 PM INFO AcctSummary 1 Admin1  User opened the AcctSummary form.
27-Nov-2017 05:07:50 PM INFO AcctSummary 1 Admin1  User opened the AcctSummary form.
27-Nov-2017 05:18:12 PM INFO frmTrialBalance 1 Admin1  User opened the frmTrialBalance form.
27-Nov-2017 05:37:13 PM INFO Registration List 1 Admin1  User opened  Registration List form.
27-Nov-2017 05:37:13 PM INFO System Settings 1 Admin1  User opened  System Settings form.
27-Nov-2017 05:37:14 PM INFO  1 Admin1  User opened the  registration list.
27-Nov-2017 05:38:10 PM INFO LoanReports 1 Admin1  User opened the LoanReports form.
27-Nov-2017 05:38:33 PM INFO LoanReports 1 Admin1  User opened the LoanReports form.
27-Nov-2017 05:39:42 PM INFO FrmLoanRepayment 1 Admin1  User opened the FrmLoanRepayment form.
27-Nov-2017 05:43:38 PM INFO Registration List 1 Admin1  User opened  Registration List form.
27-Nov-2017 05:43:39 PM INFO System Settings 1 Admin1  User opened  System Settings form.
27-Nov-2017 05:43:39 PM INFO  1 Admin1  User opened the  registration list.
27-Nov-2017 05:55:24 PM INFO AcctSummary 1 Admin1  User opened the AcctSummary form.
27-Nov-2017 05:58:39 PM INFO System Settings 1 Admin1  User opened  System Settings form.
27-Nov-2017 05:59:58 PM INFO  9999 Unknown User  Application loading...
27-Nov-2017 06:00:01 PM INFO  9999 Unknown User  Application loading...
27-Nov-2017 06:00:01 PM INFO  9999 Unknown User  User Logged out...
27-Nov-2017 06:00:18 PM INFO Registration List 1 Admin1  User opened  Registration List form.
27-Nov-2017 06:00:26 PM INFO Registration List 1 Admin1  User opened  Registration List form.
27-Nov-2017 06:03:54 PM INFO System Settings 1 Admin1  User opened  System Settings form.
27-Nov-2017 06:04:21 PM INFO Registration List 1 Admin1  User opened  Registration List form.
27-Nov-2017 06:04:21 PM INFO System Settings 1 Admin1  User opened  System Settings form.
27-Nov-2017 06:04:21 PM INFO  1 Admin1  User opened the  registration list.
27-Nov-2017 06:04:55 PM INFO AcctSummary 1 Admin1  User opened the AcctSummary form.
27-Nov-2017 06:10:37 PM INFO System Settings 1 Admin1  User opened  System Settings form.
27-Nov-2017 06:11:33 PM INFO System Settings 1 Admin1  User opened  System Settings form.
27-Nov-2017 06:13:53 PM INFO System Settings 1 Admin1  User opened  System Settings form.
27-Nov-2017 06:23:58 PM INFO Registration List 1 Admin1  User opened  Registration List form.
27-Nov-2017 06:23:58 PM INFO System Settings 1 Admin1  User opened  System Settings form.
27-Nov-2017 06:23:58 PM INFO  1 Admin1  User opened the  registration list.
27-Nov-2017 06:29:40 PM INFO Registration List 1 Admin1  User opened  Registration List form.
27-Nov-2017 06:29:41 PM INFO System Settings 1 Admin1  User opened  System Settings form.
27-Nov-2017 06:29:41 PM INFO  1 Admin1  User opened the  registration list.
27-Nov-2017 06:31:08 PM INFO System Settings 1 Admin1  User opened  System Settings form.
27-Nov-2017 06:36:01 PM INFO Registration List 1 Admin1  User opened  Registration List form.
27-Nov-2017 06:36:01 PM INFO System Settings 1 Admin1  User opened  System Settings form.
27-Nov-2017 06:36:01 PM INFO  1 Admin1  User opened the  registration list.
27-Nov-2017 06:53:17 PM INFO  9999 Unknown User  Application loading...
27-Nov-2017 06:54:11 PM INFO  9999 Unknown User  Application loading...
27-Nov-2017 06:57:38 PM INFO  9999 Unknown User  Application loading...
27-Nov-2017 06:58:55 PM INFO  9999 Unknown User  Application loading...
27-Nov-2017 07:08:28 PM INFO AcctSummary 1 Admin1  User opened the AcctSummary form.
27-Nov-2017 07:11:05 PM INFO  1 Admin1  Permission to run SQL granted... SQL form opened...
27-Nov-2017 07:14:08 PM INFO OtherCashIn 1 Admin1  User opened the OtherCashIn form.
27-Nov-2017 07:15:26 PM INFO Daily Savings Redistribution 1 Admin1  User opened  Daily Savings Redistribution form.
27-Nov-2017 07:15:44 PM INFO  1 Admin1  User opened company Daily Savings Redistribution.
27-Nov-2017 07:15:48 PM INFO Deposit2 1 Admin1  User opened the Deposit2 form.
27-Nov-2017 08:30:29 PM INFO Daily Savings Redistribution 1 Admin1  User opened  Daily Savings Redistribution form.
27-Nov-2017 08:34:37 PM INFO  1 Admin1  User opened company Daily Savings Redistribution.
27-Nov-2017 08:38:57 PM INFO AcctSummary 1 Admin1  User opened the AcctSummary form.
27-Nov-2017 08:42:08 PM INFO Vault 1 Admin1  User opened the Vault form.
27-Nov-2017 08:56:22 PM INFO Backup Database 1 Admin1  User opened  Backup Database form.
27-Nov-2017 08:56:59 PM INFO Loanfrm 1 Admin1  User opened the Loanfrm form.
27-Nov-2017 09:04:37 PM INFO Company Information 1 Admin1  User opened  Company Information form.
27-Nov-2017 09:04:45 PM INFO  1 Admin1  User opened company information form.
27-Nov-2017 09:05:03 PM INFO InterAccountTransfer 1 Admin1  User opened the InterAccountTransfer form.
27-Nov-2017 09:13:00 PM INFO RecentTrans 1 Admin1  User opened the RecentTrans form.
27-Nov-2017 09:13:53 PM INFO Registration List 1 Admin1  User opened  Registration List form.
27-Nov-2017 09:14:46 PM INFO Registration List 1 Admin1  User opened  Registration List form.
27-Nov-2017 09:16:55 PM INFO Registration List 1 Admin1  User opened  Registration List form.
27-Nov-2017 09:19:59 PM INFO System Settings 1 Admin1  User opened  System Settings form.
27-Nov-2017 09:20:41 PM INFO System Settings 1 Admin1  User opened  System Settings form.
27-Nov-2017 09:21:31 PM INFO System Settings 9999 Unknown User  User attempt to open System Settings faild because of no privilages or operation date not open.
27-Nov-2017 09:21:37 PM INFO  9999 Unknown User  Application loading...
27-Nov-2017 09:21:43 PM INFO  9999 Unknown User  Application loading...
27-Nov-2017 09:22:03 PM INFO Registration List 1 Admin1  User opened  Registration List form.
27-Nov-2017 09:22:03 PM INFO System Settings 1 Admin1  User opened  System Settings form.
27-Nov-2017 09:26:33 PM INFO System Settings 1 Admin1  User opened  System Settings form.
27-Nov-2017 09:26:49 PM INFO Registration List 1 Admin1  User opened  Registration List form.
27-Nov-2017 09:26:49 PM INFO System Settings 1 Admin1  User opened  System Settings form.
27-Nov-2017 09:26:49 PM INFO  1 Admin1  User opened the  registration list.
27-Nov-2017 09:27:14 PM INFO RecentTrans 1 Admin1  User opened the RecentTrans form.
27-Nov-2017 09:39:58 PM INFO System Settings 1 Admin1  User opened  System Settings form.
27-Nov-2017 09:43:41 PM INFO RecentTrans 1 Admin1  User opened the RecentTrans form.
27-Nov-2017 09:48:58 PM INFO  9999 Unknown User  Application loading...
27-Nov-2017 09:49:04 PM INFO  9999 Unknown User  Application loading...
27-Nov-2017 09:50:32 PM INFO RecentTrans 1 Admin1  User opened the RecentTrans form.
27-Nov-2017 10:08:25 PM INFO RecentTrans 1 Admin1  User opened the RecentTrans form.
27-Nov-2017 10:09:29 PM INFO RecentTrans 1 Admin1  User opened the RecentTrans form.
27-Nov-2017 10:24:25 PM INFO BulkchargeApplication 1 Admin1  User opened the BulkchargeApplication form.
28-Nov-2017 12:51:07 PM INFO AcctSummary 1 Admin1  User opened the AcctSummary form.
28-Nov-2017 06:56:54 PM INFO  9999 Unknown User  Application loading...
28-Nov-2017 06:56:59 PM INFO  9999 Unknown User  Application loading...
28-Nov-2017 07:03:20 PM INFO  9999 Unknown User  Application loading...
