17-Apr-2017 06:13:24 PM INFO  9999 Unknown User  Application loading...
17-Apr-2017 06:13:27 PM INFO  9999 Unknown User  Application loading...
17-Apr-2017 06:26:28 PM INFO  9999 Unknown User  Application loading...
17-Apr-2017 06:26:31 PM INFO  9999 Unknown User  Application loading...
17-Apr-2017 06:27:01 PM INFO  9999 Unknown User  Application loading...
17-Apr-2017 06:27:04 PM INFO  9999 Unknown User  Application loading...
17-Apr-2017 06:27:10 PM INFO  9999 Unknown User  User exited from the application...
17-Apr-2017 06:27:16 PM INFO  9999 Unknown User  Application loading...
17-Apr-2017 06:27:19 PM INFO  9999 Unknown User  Application loading...
19-May-2017 01:45:13 PM INFO  9999 Unknown User  Application loading...
19-May-2017 01:46:04 PM INFO  9999 Unknown User  Application loading...
19-May-2017 01:46:08 PM INFO  9999 Unknown User  Application loading...
19-May-2017 01:46:45 PM INFO  9999 Unknown User  Application loading...
19-May-2017 01:46:48 PM INFO  9999 Unknown User  Application loading...
19-May-2017 01:48:35 PM INFO  9999 Unknown User  Application loading...
19-May-2017 01:51:31 PM INFO  9999 Unknown User  Application loading...
19-May-2017 01:51:34 PM INFO  9999 Unknown User  Application loading...
19-May-2017 01:52:37 PM INFO  9999 Unknown User  Application loading...
19-May-2017 01:52:40 PM INFO  9999 Unknown User  Application loading...
19-May-2017 01:53:01 PM INFO Deposit 1 Admin1  User opened the Deposit form.
19-May-2017 01:53:44 PM INFO Daily Savings Redistribution 1 Admin1  User opened  Daily Savings Redistribution form.
19-May-2017 01:54:26 PM INFO  1 Admin1  User opened company Daily Savings Redistribution.
19-May-2017 01:54:30 PM INFO withdrawal2 1 Admin1  User opened the withdrawal2 form.
19-May-2017 01:54:41 PM INFO Withdrawal 1 Admin1  User opened the Withdrawal form.
19-May-2017 01:54:45 PM INFO withdrawal2 1 Admin1  User opened the withdrawal2 form.
19-May-2017 01:55:43 PM INFO CommissionDeduction 1 Admin1  User opened the CommissionDeduction form.
02-Aug-2017 01:54:39 PM INFO  9999 Unknown User  Application loading...
02-Aug-2017 01:54:42 PM INFO  9999 Unknown User  Application loading...
02-Aug-2017 01:55:25 PM INFO  9999 Unknown User  Application loading...
02-Aug-2017 01:55:28 PM INFO  9999 Unknown User  Application loading...
02-Aug-2017 02:06:34 PM INFO  9999 Unknown User  Application loading...
02-Aug-2017 02:06:37 PM INFO  9999 Unknown User  Application loading...
02-Aug-2017 02:06:52 PM INFO  1 Admin1  Permission to run SQL granted... SQL form opened...
02-Aug-2017 02:08:29 PM ERROR  1 Admin1 3055 Update Error: Not a valid file name.
02-Aug-2017 02:08:51 PM INFO  1 Admin1  Permission to run SQL granted... SQL form opened...
02-Aug-2017 02:08:53 PM ERROR  1 Admin1 3055 Update Error: Not a valid file name.
02-Aug-2017 02:09:08 PM ERROR  1 Admin1 3055 Update Error: Not a valid file name.
02-Aug-2017 02:10:27 PM INFO  1 Admin1  Update Started.
02-Aug-2017 02:10:27 PM INFO  1 Admin1  Main RibbonXML updated.
02-Aug-2017 02:10:27 PM INFO  1 Admin1  Update Ended.
02-Aug-2017 02:10:56 PM INFO  1 Admin1  Update Started.
02-Aug-2017 02:10:56 PM INFO  1 Admin1  Main RibbonXML updated.
02-Aug-2017 02:10:56 PM INFO  1 Admin1  Update Ended.
02-Aug-2017 02:22:43 PM INFO CommissionDeduction 1 Admin1  User opened the CommissionDeduction form.
17-Sep-2017 06:41:24 PM INFO  9999 Unknown User  Application loading...
17-Sep-2017 06:41:27 PM INFO  9999 Unknown User  Application loading...
